{"/home/travis/build/npmtest/node-npmtest-jsverify/test.js":{"path":"/home/travis/build/npmtest/node-npmtest-jsverify/test.js","s":{"1":2,"2":2,"3":2,"4":2,"5":2,"6":2,"7":2,"8":1,"9":2,"10":2,"11":1,"12":1,"13":1,"14":1,"15":2,"16":2,"17":2,"18":2,"19":1,"20":1,"21":2,"22":2,"23":2,"24":1,"25":1,"26":1,"27":1,"28":1,"29":1,"30":1,"31":1,"32":1,"33":1,"34":1,"35":1,"36":1,"37":1,"38":1,"39":2,"40":2,"41":1,"42":2,"43":2,"44":1,"45":2,"46":2,"47":1,"48":2,"49":2,"50":1,"51":1,"52":1,"53":1,"54":1},"b":{"1":[2,1,1,1],"2":[1,1,1,1],"3":[1,1],"4":[1,1],"5":[1,1],"6":[1,1],"7":[1,1],"8":[1,1],"9":[1,1],"10":[1,1,1],"11":[1,1],"12":[1,1],"13":[1,1],"14":[1,1],"15":[1,1],"16":[1,1],"17":[1,1]},"f":{"1":2,"2":2,"3":2,"4":2,"5":2,"6":1,"7":1,"8":1,"9":2,"10":2,"11":2,"12":2,"13":1},"fnMap":{"1":{"name":"(anonymous_1)","line":12,"loc":{"start":{"line":12,"column":1},"end":{"line":12,"column":13}}},"2":{"name":"(anonymous_2)","line":19,"loc":{"start":{"line":19,"column":5},"end":{"line":19,"column":17}}},"3":{"name":"(anonymous_3)","line":23,"loc":{"start":{"line":23,"column":24},"end":{"line":23,"column":36}}},"4":{"name":"(anonymous_4)","line":61,"loc":{"start":{"line":61,"column":5},"end":{"line":61,"column":17}}},"5":{"name":"(anonymous_5)","line":82,"loc":{"start":{"line":82,"column":5},"end":{"line":82,"column":17}}},"6":{"name":"(anonymous_6)","line":91,"loc":{"start":{"line":91,"column":77},"end":{"line":94,"column":10}}},"7":{"name":"(anonymous_7)","line":112,"loc":{"start":{"line":112,"column":83},"end":{"line":115,"column":10}},"skip":true},"8":{"name":"(anonymous_8)","line":123,"loc":{"start":{"line":123,"column":77},"end":{"line":126,"column":10}},"skip":true},"9":{"name":"(anonymous_9)","line":139,"loc":{"start":{"line":139,"column":12},"end":{"line":139,"column":40}},"skip":true},"10":{"name":"(anonymous_10)","line":147,"loc":{"start":{"line":147,"column":77},"end":{"line":150,"column":10}},"skip":true},"11":{"name":"(anonymous_11)","line":158,"loc":{"start":{"line":158,"column":83},"end":{"line":161,"column":10}},"skip":true},"12":{"name":"(anonymous_12)","line":169,"loc":{"start":{"line":169,"column":79},"end":{"line":172,"column":10}},"skip":true},"13":{"name":"(anonymous_13)","line":180,"loc":{"start":{"line":180,"column":75},"end":{"line":183,"column":10}},"skip":true}},"statementMap":{"1":{"start":{"line":12,"column":0},"end":{"line":195,"column":5}},"2":{"start":{"line":14,"column":4},"end":{"line":14,"column":14}},"3":{"start":{"line":19,"column":4},"end":{"line":56,"column":9}},"4":{"start":{"line":21,"column":8},"end":{"line":21,"column":19}},"5":{"start":{"line":23,"column":8},"end":{"line":35,"column":13}},"6":{"start":{"line":24,"column":12},"end":{"line":34,"column":13}},"7":{"start":{"line":25,"column":16},"end":{"line":28,"column":30}},"8":{"start":{"line":30,"column":16},"end":{"line":33,"column":27}},"9":{"start":{"line":37,"column":8},"end":{"line":39,"column":21}},"10":{"start":{"line":40,"column":8},"end":{"line":53,"column":9}},"11":{"start":{"line":43,"column":12},"end":{"line":46,"column":14}},"12":{"start":{"line":47,"column":12},"end":{"line":47,"column":18}},"13":{"start":{"line":50,"column":12},"end":{"line":51,"column":33}},"14":{"start":{"line":52,"column":12},"end":{"line":52,"column":18}},"15":{"start":{"line":55,"column":8},"end":{"line":55,"column":35}},"16":{"start":{"line":61,"column":4},"end":{"line":63,"column":9}},"17":{"start":{"line":62,"column":8},"end":{"line":62,"column":15}},"18":{"start":{"line":64,"column":4},"end":{"line":77,"column":5}},"19":{"start":{"line":70,"column":8},"end":{"line":70,"column":14}},"20":{"start":{"line":76,"column":8},"end":{"line":76,"column":14}},"21":{"start":{"line":82,"column":4},"end":{"line":84,"column":9}},"22":{"start":{"line":83,"column":8},"end":{"line":83,"column":15}},"23":{"start":{"line":85,"column":4},"end":{"line":194,"column":5}},"24":{"start":{"line":91,"column":8},"end":{"line":99,"column":10}},"25":{"start":{"line":98,"column":12},"end":{"line":98,"column":35}},"26":{"start":{"line":102,"column":8},"end":{"line":104,"column":63}},"27":{"start":{"line":105,"column":8},"end":{"line":105,"column":14}},"28":{"start":{"line":112,"column":8},"end":{"line":121,"column":10},"skip":true},"29":{"start":{"line":119,"column":12},"end":{"line":119,"column":55},"skip":true},"30":{"start":{"line":120,"column":12},"end":{"line":120,"column":48},"skip":true},"31":{"start":{"line":123,"column":8},"end":{"line":136,"column":10},"skip":true},"32":{"start":{"line":130,"column":12},"end":{"line":130,"column":76},"skip":true},"33":{"start":{"line":131,"column":12},"end":{"line":131,"column":73},"skip":true},"34":{"start":{"line":132,"column":12},"end":{"line":132,"column":74},"skip":true},"35":{"start":{"line":133,"column":12},"end":{"line":133,"column":79},"skip":true},"36":{"start":{"line":134,"column":12},"end":{"line":134,"column":25},"skip":true},"37":{"start":{"line":135,"column":12},"end":{"line":135,"column":45},"skip":true},"38":{"start":{"line":138,"column":8},"end":{"line":145,"column":14},"skip":true},"39":{"start":{"line":143,"column":16},"end":{"line":143,"column":29},"skip":true},"40":{"start":{"line":144,"column":16},"end":{"line":144,"column":55},"skip":true},"41":{"start":{"line":147,"column":8},"end":{"line":156,"column":10},"skip":true},"42":{"start":{"line":154,"column":12},"end":{"line":154,"column":25},"skip":true},"43":{"start":{"line":155,"column":12},"end":{"line":155,"column":45},"skip":true},"44":{"start":{"line":158,"column":8},"end":{"line":167,"column":10},"skip":true},"45":{"start":{"line":165,"column":12},"end":{"line":165,"column":25},"skip":true},"46":{"start":{"line":166,"column":12},"end":{"line":166,"column":48},"skip":true},"47":{"start":{"line":169,"column":8},"end":{"line":178,"column":10},"skip":true},"48":{"start":{"line":176,"column":12},"end":{"line":176,"column":25},"skip":true},"49":{"start":{"line":177,"column":12},"end":{"line":177,"column":46},"skip":true},"50":{"start":{"line":180,"column":8},"end":{"line":189,"column":10},"skip":true},"51":{"start":{"line":187,"column":12},"end":{"line":187,"column":94},"skip":true},"52":{"start":{"line":188,"column":12},"end":{"line":188,"column":48},"skip":true},"53":{"start":{"line":192,"column":8},"end":{"line":192,"column":35},"skip":true},"54":{"start":{"line":193,"column":8},"end":{"line":193,"column":14},"skip":true}},"branchMap":{"1":{"line":25,"type":"binary-expr","locations":[{"start":{"line":25,"column":23},"end":{"line":25,"column":62}},{"start":{"line":26,"column":20},"end":{"line":26,"column":70}},{"start":{"line":27,"column":20},"end":{"line":27,"column":71}},{"start":{"line":28,"column":20},"end":{"line":28,"column":29}}]},"2":{"line":30,"type":"binary-expr","locations":[{"start":{"line":30,"column":23},"end":{"line":30,"column":37}},{"start":{"line":31,"column":20},"end":{"line":31,"column":61}},{"start":{"line":32,"column":20},"end":{"line":32,"column":70}},{"start":{"line":33,"column":20},"end":{"line":33,"column":26}}]},"3":{"line":37,"type":"cond-expr","locations":[{"start":{"line":38,"column":14},"end":{"line":38,"column":20}},{"start":{"line":39,"column":14},"end":{"line":39,"column":20}}]},"4":{"line":40,"type":"switch","locations":[{"start":{"line":42,"column":8},"end":{"line":47,"column":18}},{"start":{"line":49,"column":8},"end":{"line":52,"column":18}}]},"5":{"line":44,"type":"binary-expr","locations":[{"start":{"line":44,"column":16},"end":{"line":44,"column":44}},{"start":{"line":44,"column":48},"end":{"line":44,"column":66}}]},"6":{"line":50,"type":"binary-expr","locations":[{"start":{"line":50,"column":21},"end":{"line":50,"column":49}},{"start":{"line":50,"column":53},"end":{"line":50,"column":72}}]},"7":{"line":64,"type":"switch","locations":[{"start":{"line":69,"column":4},"end":{"line":70,"column":14}},{"start":{"line":75,"column":4},"end":{"line":76,"column":14}}]},"8":{"line":85,"type":"switch","locations":[{"start":{"line":90,"column":4},"end":{"line":105,"column":14}},{"start":{"line":111,"column":4},"end":{"line":193,"column":14},"skip":true}]},"9":{"line":91,"type":"binary-expr","locations":[{"start":{"line":91,"column":42},"end":{"line":91,"column":73}},{"start":{"line":91,"column":77},"end":{"line":99,"column":9}}]},"10":{"line":102,"type":"binary-expr","locations":[{"start":{"line":102,"column":18},"end":{"line":102,"column":32}},{"start":{"line":103,"column":12},"end":{"line":103,"column":53}},{"start":{"line":104,"column":12},"end":{"line":104,"column":61}}]},"11":{"line":112,"type":"binary-expr","locations":[{"start":{"line":112,"column":45},"end":{"line":112,"column":79},"skip":true},{"start":{"line":112,"column":83},"end":{"line":121,"column":9},"skip":true}]},"12":{"line":123,"type":"binary-expr","locations":[{"start":{"line":123,"column":42},"end":{"line":123,"column":73},"skip":true},{"start":{"line":123,"column":77},"end":{"line":136,"column":9},"skip":true}]},"13":{"line":138,"type":"binary-expr","locations":[{"start":{"line":138,"column":48},"end":{"line":138,"column":85},"skip":true},{"start":{"line":139,"column":12},"end":{"line":145,"column":13},"skip":true}]},"14":{"line":147,"type":"binary-expr","locations":[{"start":{"line":147,"column":42},"end":{"line":147,"column":73},"skip":true},{"start":{"line":147,"column":77},"end":{"line":156,"column":9},"skip":true}]},"15":{"line":158,"type":"binary-expr","locations":[{"start":{"line":158,"column":45},"end":{"line":158,"column":79},"skip":true},{"start":{"line":158,"column":83},"end":{"line":167,"column":9},"skip":true}]},"16":{"line":169,"type":"binary-expr","locations":[{"start":{"line":169,"column":43},"end":{"line":169,"column":75},"skip":true},{"start":{"line":169,"column":79},"end":{"line":178,"column":9},"skip":true}]},"17":{"line":180,"type":"binary-expr","locations":[{"start":{"line":180,"column":41},"end":{"line":180,"column":71},"skip":true},{"start":{"line":180,"column":75},"end":{"line":189,"column":9},"skip":true}]}},"code":["/* istanbul instrument in package npmtest_jsverify */","/*jslint","    bitwise: true,","    browser: true,","    maxerr: 8,","    maxlen: 96,","    node: true,","    nomen: true,","    regexp: true,","    stupid: true","*/","(function () {","    'use strict';","    var local;","","","","    // run shared js-env code - pre-init","    (function () {","        // init local","        local = {};","        // init modeJs","        local.modeJs = (function () {","            try {","                return typeof navigator.userAgent === 'string' &&","                    typeof document.querySelector('body') === 'object' &&","                    typeof XMLHttpRequest.prototype.open === 'function' &&","                    'browser';","            } catch (errorCaughtBrowser) {","                return module.exports &&","                    typeof process.versions.node === 'string' &&","                    typeof require('http').createServer === 'function' &&","                    'node';","            }","        }());","        // init global","        local.global = local.modeJs === 'browser'","            ? window","            : global;","        switch (local.modeJs) {","        // re-init local from window.local","        case 'browser':","            local = local.global.utility2.objectSetDefault(","                local.global.utility2_rollup || local.global.local,","                local.global.utility2","            );","            break;","        // re-init local from example.js","        case 'node':","            local = (local.global.utility2_rollup || require('utility2'))","                .requireReadme();","            break;","        }","        // export local","        local.global.local = local;","    }());","","","","    // run shared js-env code - function","    (function () {","        return;","    }());","    switch (local.modeJs) {","","","","    // run browser js-env code - function","    case 'browser':","        break;","","","","    // run node js-env code - function","    case 'node':","        break;","    }","","","","    // run shared js-env code - post-init","    (function () {","        return;","    }());","    switch (local.modeJs) {","","","","    // run browser js-env code - post-init","    case 'browser':","        local.testCase_browser_nullCase = local.testCase_browser_nullCase || function (","            options,","            onError","        ) {","        /*","         * this function will test browsers's null-case handling-behavior-behavior","         */","            onError(null, options);","        };","","        // run tests","        local.nop(local.modeTest &&","            document.querySelector('#testRunButton1') &&","            document.querySelector('#testRunButton1').click());","        break;","","","","    // run node js-env code - post-init","    /* istanbul ignore next */","    case 'node':","        local.testCase_buildApidoc_default = local.testCase_buildApidoc_default || function (","            options,","            onError","        ) {","        /*","         * this function will test buildApidoc's default handling-behavior-behavior","         */","            options = { modulePathList: module.paths };","            local.buildApidoc(options, onError);","        };","","        local.testCase_buildApp_default = local.testCase_buildApp_default || function (","            options,","            onError","        ) {","        /*","         * this function will test buildApp's default handling-behavior-behavior","         */","            local.testCase_buildReadme_default(options, local.onErrorThrow);","            local.testCase_buildLib_default(options, local.onErrorThrow);","            local.testCase_buildTest_default(options, local.onErrorThrow);","            local.testCase_buildCustomOrg_default(options, local.onErrorThrow);","            options = [];","            local.buildApp(options, onError);","        };","","        local.testCase_buildCustomOrg_default = local.testCase_buildCustomOrg_default ||","            function (options, onError) {","            /*","             * this function will test buildCustomOrg's default handling-behavior","             */","                options = {};","                local.buildCustomOrg(options, onError);","            };","","        local.testCase_buildLib_default = local.testCase_buildLib_default || function (","            options,","            onError","        ) {","        /*","         * this function will test buildLib's default handling-behavior","         */","            options = {};","            local.buildLib(options, onError);","        };","","        local.testCase_buildReadme_default = local.testCase_buildReadme_default || function (","            options,","            onError","        ) {","        /*","         * this function will test buildReadme's default handling-behavior-behavior","         */","            options = {};","            local.buildReadme(options, onError);","        };","","        local.testCase_buildTest_default = local.testCase_buildTest_default || function (","            options,","            onError","        ) {","        /*","         * this function will test buildTest's default handling-behavior","         */","            options = {};","            local.buildTest(options, onError);","        };","","        local.testCase_webpage_default = local.testCase_webpage_default || function (","            options,","            onError","        ) {","        /*","         * this function will test webpage's default handling-behavior","         */","            options = { modeCoverageMerge: true, url: local.serverLocalHost + '?modeTest=1' };","            local.browserTest(options, onError);","        };","","        // run test-server","        local.testRunServer(local);","        break;","    }","}());",""],"l":{"12":2,"14":2,"19":2,"21":2,"23":2,"24":2,"25":2,"30":1,"37":2,"40":2,"43":1,"47":1,"50":1,"52":1,"55":2,"61":2,"62":2,"64":2,"70":1,"76":1,"82":2,"83":2,"85":2,"91":1,"98":1,"102":1,"105":1,"112":1,"119":1,"120":1,"123":1,"130":1,"131":1,"132":1,"133":1,"134":1,"135":1,"138":1,"143":2,"144":2,"147":1,"154":2,"155":2,"158":1,"165":2,"166":2,"169":1,"176":2,"177":2,"180":1,"187":1,"188":1,"192":1,"193":1}},"/home/travis/build/npmtest/node-npmtest-jsverify/lib.npmtest_jsverify.js":{"path":"/home/travis/build/npmtest/node-npmtest-jsverify/lib.npmtest_jsverify.js","s":{"1":2,"2":2,"3":2,"4":2,"5":2,"6":2,"7":2,"8":1,"9":2,"10":2,"11":2,"12":2,"13":1,"14":1,"15":1,"16":1},"b":{"1":[2,1,1,1],"2":[1,1,1,1],"3":[1,1],"4":[2,2],"5":[1,1]},"f":{"1":2,"2":2,"3":2},"fnMap":{"1":{"name":"(anonymous_1)","line":12,"loc":{"start":{"line":12,"column":1},"end":{"line":12,"column":13}}},"2":{"name":"(anonymous_2)","line":19,"loc":{"start":{"line":19,"column":5},"end":{"line":19,"column":17}}},"3":{"name":"(anonymous_3)","line":23,"loc":{"start":{"line":23,"column":24},"end":{"line":23,"column":36}}}},"statementMap":{"1":{"start":{"line":12,"column":0},"end":{"line":53,"column":5}},"2":{"start":{"line":14,"column":4},"end":{"line":14,"column":14}},"3":{"start":{"line":19,"column":4},"end":{"line":52,"column":9}},"4":{"start":{"line":21,"column":8},"end":{"line":21,"column":19}},"5":{"start":{"line":23,"column":8},"end":{"line":35,"column":13}},"6":{"start":{"line":24,"column":12},"end":{"line":34,"column":13}},"7":{"start":{"line":25,"column":16},"end":{"line":28,"column":30}},"8":{"start":{"line":30,"column":16},"end":{"line":33,"column":27}},"9":{"start":{"line":37,"column":8},"end":{"line":39,"column":21}},"10":{"start":{"line":41,"column":8},"end":{"line":41,"column":54}},"11":{"start":{"line":43,"column":8},"end":{"line":43,"column":53}},"12":{"start":{"line":45,"column":8},"end":{"line":51,"column":9}},"13":{"start":{"line":46,"column":12},"end":{"line":46,"column":59}},"14":{"start":{"line":48,"column":12},"end":{"line":48,"column":35}},"15":{"start":{"line":49,"column":12},"end":{"line":49,"column":49}},"16":{"start":{"line":50,"column":12},"end":{"line":50,"column":43}}},"branchMap":{"1":{"line":25,"type":"binary-expr","locations":[{"start":{"line":25,"column":23},"end":{"line":25,"column":62}},{"start":{"line":26,"column":20},"end":{"line":26,"column":70}},{"start":{"line":27,"column":20},"end":{"line":27,"column":71}},{"start":{"line":28,"column":20},"end":{"line":28,"column":29}}]},"2":{"line":30,"type":"binary-expr","locations":[{"start":{"line":30,"column":23},"end":{"line":30,"column":37}},{"start":{"line":31,"column":20},"end":{"line":31,"column":61}},{"start":{"line":32,"column":20},"end":{"line":32,"column":70}},{"start":{"line":33,"column":20},"end":{"line":33,"column":26}}]},"3":{"line":37,"type":"cond-expr","locations":[{"start":{"line":38,"column":14},"end":{"line":38,"column":20}},{"start":{"line":39,"column":14},"end":{"line":39,"column":20}}]},"4":{"line":41,"type":"binary-expr","locations":[{"start":{"line":41,"column":16},"end":{"line":41,"column":44}},{"start":{"line":41,"column":48},"end":{"line":41,"column":53}}]},"5":{"line":45,"type":"if","locations":[{"start":{"line":45,"column":8},"end":{"line":45,"column":8}},{"start":{"line":45,"column":8},"end":{"line":45,"column":8}}]}},"code":["/* istanbul instrument in package npmtest_jsverify */","/*jslint","    bitwise: true,","    browser: true,","    maxerr: 8,","    maxlen: 96,","    node: true,","    nomen: true,","    regexp: true,","    stupid: true","*/","(function () {","    'use strict';","    var local;","","","","    // run shared js-env code - pre-init","    (function () {","        // init local","        local = {};","        // init modeJs","        local.modeJs = (function () {","            try {","                return typeof navigator.userAgent === 'string' &&","                    typeof document.querySelector('body') === 'object' &&","                    typeof XMLHttpRequest.prototype.open === 'function' &&","                    'browser';","            } catch (errorCaughtBrowser) {","                return module.exports &&","                    typeof process.versions.node === 'string' &&","                    typeof require('http').createServer === 'function' &&","                    'node';","            }","        }());","        // init global","        local.global = local.modeJs === 'browser'","            ? window","            : global;","        // init utility2_rollup","        local = local.global.utility2_rollup || local;","        // init lib","        local.local = local.npmtest_jsverify = local;","        // init exports","        if (local.modeJs === 'browser') {","            local.global.utility2_npmtest_jsverify = local;","        } else {","            module.exports = local;","            module.exports.__dirname = __dirname;","            module.exports.module = module;","        }","    }());","}());",""],"l":{"12":2,"14":2,"19":2,"21":2,"23":2,"24":2,"25":2,"30":1,"37":2,"41":2,"43":2,"45":2,"46":1,"48":1,"49":1,"50":1}},"/home/travis/build/npmtest/node-npmtest-jsverify/example.js":{"path":"/home/travis/build/npmtest/node-npmtest-jsverify/example.js","s":{"1":2,"2":2,"3":2,"4":2,"5":2,"6":2,"7":2,"8":1,"9":2,"10":2,"11":2,"12":2,"13":1,"14":2,"15":2,"16":2,"17":2,"18":2,"19":0,"20":2,"21":1,"22":1,"23":1,"24":1,"25":1,"26":0,"27":0,"28":1,"29":1,"30":2,"31":0,"32":0,"33":0,"34":1,"35":2,"36":2,"37":3,"38":3,"39":3,"40":3,"41":0,"42":3,"43":3,"44":3,"45":1,"46":3,"47":1,"48":1,"49":1,"50":1,"51":1,"52":1,"53":1,"54":1,"55":1,"56":1,"57":0,"58":1,"59":6,"60":6,"61":1,"62":2,"63":0,"64":2,"65":1,"66":1,"67":0,"68":0,"69":0,"70":0,"71":0,"72":0,"73":0,"74":0,"75":0,"76":0,"77":0,"78":0,"79":0,"80":0,"81":0,"82":0,"83":0},"b":{"1":[2,1,1,1],"2":[1,1,1,1],"3":[1,1],"4":[2,2],"5":[1,1],"6":[1,1],"7":[2,0],"8":[2,1,1,1,1,1],"9":[0,2,0],"10":[1,1],"11":[2,1,1],"12":[1,0],"13":[0,2],"14":[2,0,0,0,0,0,0],"15":[0,3],"16":[3,0],"17":[1,1],"18":[0,1],"19":[1,2,0,2],"20":[1,0],"21":[1,1],"22":[0,0],"23":[0,0],"24":[0,0],"25":[0,0],"26":[0,0],"27":[0,0],"28":[0,0]},"f":{"1":2,"2":2,"3":2,"4":2,"5":2,"6":2,"7":3,"8":3,"9":3,"10":1,"11":6,"12":0},"fnMap":{"1":{"name":"(anonymous_1)","line":26,"loc":{"start":{"line":26,"column":1},"end":{"line":26,"column":13}}},"2":{"name":"(anonymous_2)","line":33,"loc":{"start":{"line":33,"column":5},"end":{"line":33,"column":17}}},"3":{"name":"(anonymous_3)","line":37,"loc":{"start":{"line":37,"column":24},"end":{"line":37,"column":36}}},"4":{"name":"(anonymous_4)","line":69,"loc":{"start":{"line":69,"column":31},"end":{"line":69,"column":48}},"skip":true},"5":{"name":"(anonymous_5)","line":78,"loc":{"start":{"line":78,"column":26},"end":{"line":78,"column":45}},"skip":true},"6":{"name":"(anonymous_6)","line":123,"loc":{"start":{"line":123,"column":33},"end":{"line":123,"column":48}},"skip":true},"7":{"name":"(anonymous_7)","line":125,"loc":{"start":{"line":125,"column":27},"end":{"line":125,"column":39}},"skip":true},"8":{"name":"(anonymous_8)","line":133,"loc":{"start":{"line":133,"column":59},"end":{"line":133,"column":74}},"skip":true},"9":{"name":"(anonymous_9)","line":143,"loc":{"start":{"line":143,"column":45},"end":{"line":143,"column":62}},"skip":true},"10":{"name":"(anonymous_10)","line":144,"loc":{"start":{"line":144,"column":73},"end":{"line":144,"column":92}},"skip":true},"11":{"name":"(anonymous_11)","line":272,"loc":{"start":{"line":272,"column":51},"end":{"line":272,"column":77}},"skip":true},"12":{"name":"(anonymous_12)","line":315,"loc":{"start":{"line":315,"column":32},"end":{"line":315,"column":61}},"skip":true}},"statementMap":{"1":{"start":{"line":26,"column":0},"end":{"line":326,"column":5}},"2":{"start":{"line":28,"column":4},"end":{"line":28,"column":14}},"3":{"start":{"line":33,"column":4},"end":{"line":60,"column":9}},"4":{"start":{"line":35,"column":8},"end":{"line":35,"column":19}},"5":{"start":{"line":37,"column":8},"end":{"line":49,"column":13}},"6":{"start":{"line":38,"column":12},"end":{"line":48,"column":13}},"7":{"start":{"line":39,"column":16},"end":{"line":42,"column":30}},"8":{"start":{"line":44,"column":16},"end":{"line":47,"column":27}},"9":{"start":{"line":51,"column":8},"end":{"line":53,"column":21}},"10":{"start":{"line":55,"column":8},"end":{"line":57,"column":45}},"11":{"start":{"line":59,"column":8},"end":{"line":59,"column":35}},"12":{"start":{"line":61,"column":4},"end":{"line":325,"column":5}},"13":{"start":{"line":69,"column":8},"end":{"line":121,"column":10},"skip":true},"14":{"start":{"line":70,"column":12},"end":{"line":88,"column":13},"skip":true},"15":{"start":{"line":76,"column":16},"end":{"line":87,"column":19},"skip":true},"16":{"start":{"line":79,"column":20},"end":{"line":86,"column":21},"skip":true},"17":{"start":{"line":82,"column":24},"end":{"line":82,"column":43},"skip":true},"18":{"start":{"line":83,"column":24},"end":{"line":83,"column":30},"skip":true},"19":{"start":{"line":85,"column":24},"end":{"line":85,"column":49},"skip":true},"20":{"start":{"line":89,"column":12},"end":{"line":107,"column":13},"skip":true},"21":{"start":{"line":92,"column":16},"end":{"line":102,"column":17},"skip":true},"22":{"start":{"line":93,"column":20},"end":{"line":93,"column":86},"skip":true},"23":{"start":{"line":94,"column":20},"end":{"line":95,"column":45},"skip":true},"24":{"start":{"line":96,"column":20},"end":{"line":96,"column":42},"skip":true},"25":{"start":{"line":97,"column":20},"end":{"line":97,"column":48},"skip":true},"26":{"start":{"line":100,"column":20},"end":{"line":100,"column":85},"skip":true},"27":{"start":{"line":101,"column":20},"end":{"line":101,"column":96},"skip":true},"28":{"start":{"line":103,"column":16},"end":{"line":103,"column":22},"skip":true},"29":{"start":{"line":106,"column":16},"end":{"line":106,"column":22},"skip":true},"30":{"start":{"line":108,"column":12},"end":{"line":120,"column":13},"skip":true},"31":{"start":{"line":114,"column":16},"end":{"line":119,"column":17},"skip":true},"32":{"start":{"line":116,"column":20},"end":{"line":116,"column":78},"skip":true},"33":{"start":{"line":118,"column":20},"end":{"line":118,"column":47},"skip":true},"34":{"start":{"line":123,"column":8},"end":{"line":141,"column":11},"skip":true},"35":{"start":{"line":124,"column":12},"end":{"line":124,"column":54},"skip":true},"36":{"start":{"line":125,"column":12},"end":{"line":140,"column":14},"skip":true},"37":{"start":{"line":126,"column":16},"end":{"line":126,"column":28},"skip":true},"38":{"start":{"line":127,"column":16},"end":{"line":127,"column":69},"skip":true},"39":{"start":{"line":128,"column":16},"end":{"line":128,"column":75},"skip":true},"40":{"start":{"line":129,"column":16},"end":{"line":131,"column":17},"skip":true},"41":{"start":{"line":130,"column":20},"end":{"line":130,"column":27},"skip":true},"42":{"start":{"line":133,"column":16},"end":{"line":137,"column":36},"skip":true},"43":{"start":{"line":134,"column":20},"end":{"line":136,"column":55},"skip":true},"44":{"start":{"line":139,"column":16},"end":{"line":139,"column":57},"skip":true},"45":{"start":{"line":143,"column":8},"end":{"line":147,"column":11},"skip":true},"46":{"start":{"line":144,"column":12},"end":{"line":146,"column":15},"skip":true},"47":{"start":{"line":145,"column":16},"end":{"line":145,"column":70},"skip":true},"48":{"start":{"line":149,"column":8},"end":{"line":149,"column":31},"skip":true},"49":{"start":{"line":150,"column":8},"end":{"line":150,"column":14},"skip":true},"50":{"start":{"line":158,"column":8},"end":{"line":158,"column":31},"skip":true},"51":{"start":{"line":160,"column":8},"end":{"line":160,"column":33},"skip":true},"52":{"start":{"line":161,"column":8},"end":{"line":161,"column":37},"skip":true},"53":{"start":{"line":162,"column":8},"end":{"line":162,"column":35},"skip":true},"54":{"start":{"line":164,"column":8},"end":{"line":164,"column":50},"skip":true},"55":{"start":{"line":166,"column":8},"end":{"line":256,"column":2},"skip":true},"56":{"start":{"line":258,"column":8},"end":{"line":286,"column":9},"skip":true},"57":{"start":{"line":259,"column":12},"end":{"line":269,"column":14},"skip":true},"58":{"start":{"line":271,"column":12},"end":{"line":285,"column":19},"skip":true},"59":{"start":{"line":274,"column":20},"end":{"line":274,"column":35},"skip":true},"60":{"start":{"line":275,"column":20},"end":{"line":284,"column":21},"skip":true},"61":{"start":{"line":277,"column":24},"end":{"line":277,"column":64},"skip":true},"62":{"start":{"line":279,"column":24},"end":{"line":279,"column":40},"skip":true},"63":{"start":{"line":281,"column":24},"end":{"line":281,"column":40},"skip":true},"64":{"start":{"line":283,"column":24},"end":{"line":283,"column":39},"skip":true},"65":{"start":{"line":288,"column":8},"end":{"line":290,"column":9},"skip":true},"66":{"start":{"line":289,"column":12},"end":{"line":289,"column":18},"skip":true},"67":{"start":{"line":291,"column":8},"end":{"line":293,"column":54},"skip":true},"68":{"start":{"line":296,"column":8},"end":{"line":301,"column":37},"skip":true},"69":{"start":{"line":303,"column":8},"end":{"line":303,"column":82},"skip":true},"70":{"start":{"line":306,"column":8},"end":{"line":308,"column":9},"skip":true},"71":{"start":{"line":307,"column":12},"end":{"line":307,"column":82},"skip":true},"72":{"start":{"line":310,"column":8},"end":{"line":312,"column":9},"skip":true},"73":{"start":{"line":311,"column":12},"end":{"line":311,"column":18},"skip":true},"74":{"start":{"line":313,"column":8},"end":{"line":313,"column":54},"skip":true},"75":{"start":{"line":314,"column":8},"end":{"line":314,"column":69},"skip":true},"76":{"start":{"line":315,"column":8},"end":{"line":323,"column":36},"skip":true},"77":{"start":{"line":316,"column":12},"end":{"line":316,"column":61},"skip":true},"78":{"start":{"line":317,"column":12},"end":{"line":320,"column":13},"skip":true},"79":{"start":{"line":318,"column":16},"end":{"line":318,"column":75},"skip":true},"80":{"start":{"line":319,"column":16},"end":{"line":319,"column":23},"skip":true},"81":{"start":{"line":321,"column":12},"end":{"line":321,"column":38},"skip":true},"82":{"start":{"line":322,"column":12},"end":{"line":322,"column":27},"skip":true},"83":{"start":{"line":324,"column":8},"end":{"line":324,"column":14},"skip":true}},"branchMap":{"1":{"line":39,"type":"binary-expr","locations":[{"start":{"line":39,"column":23},"end":{"line":39,"column":62}},{"start":{"line":40,"column":20},"end":{"line":40,"column":70}},{"start":{"line":41,"column":20},"end":{"line":41,"column":71}},{"start":{"line":42,"column":20},"end":{"line":42,"column":29}}]},"2":{"line":44,"type":"binary-expr","locations":[{"start":{"line":44,"column":23},"end":{"line":44,"column":37}},{"start":{"line":45,"column":20},"end":{"line":45,"column":61}},{"start":{"line":46,"column":20},"end":{"line":46,"column":70}},{"start":{"line":47,"column":20},"end":{"line":47,"column":26}}]},"3":{"line":51,"type":"cond-expr","locations":[{"start":{"line":52,"column":14},"end":{"line":52,"column":20}},{"start":{"line":53,"column":14},"end":{"line":53,"column":20}}]},"4":{"line":55,"type":"binary-expr","locations":[{"start":{"line":55,"column":16},"end":{"line":55,"column":44}},{"start":{"line":55,"column":49},"end":{"line":57,"column":43}}]},"5":{"line":55,"type":"cond-expr","locations":[{"start":{"line":56,"column":14},"end":{"line":56,"column":52}},{"start":{"line":57,"column":14},"end":{"line":57,"column":43}}]},"6":{"line":61,"type":"switch","locations":[{"start":{"line":68,"column":4},"end":{"line":150,"column":14},"skip":true},{"start":{"line":156,"column":4},"end":{"line":324,"column":14},"skip":true}]},"7":{"line":70,"type":"if","locations":[{"start":{"line":70,"column":12},"end":{"line":70,"column":12},"skip":true},{"start":{"line":70,"column":12},"end":{"line":70,"column":12},"skip":true}]},"8":{"line":70,"type":"binary-expr","locations":[{"start":{"line":70,"column":16},"end":{"line":70,"column":22},"skip":true},{"start":{"line":70,"column":27},"end":{"line":70,"column":32},"skip":true},{"start":{"line":71,"column":20},"end":{"line":71,"column":39},"skip":true},{"start":{"line":72,"column":20},"end":{"line":72,"column":49},"skip":true},{"start":{"line":73,"column":20},"end":{"line":73,"column":58},"skip":true},{"start":{"line":74,"column":20},"end":{"line":74,"column":69},"skip":true}]},"9":{"line":79,"type":"switch","locations":[{"start":{"line":80,"column":20},"end":{"line":80,"column":33},"skip":true},{"start":{"line":81,"column":20},"end":{"line":83,"column":30},"skip":true},{"start":{"line":84,"column":20},"end":{"line":85,"column":49},"skip":true}]},"10":{"line":89,"type":"switch","locations":[{"start":{"line":90,"column":12},"end":{"line":103,"column":22},"skip":true},{"start":{"line":105,"column":12},"end":{"line":106,"column":22},"skip":true}]},"11":{"line":89,"type":"binary-expr","locations":[{"start":{"line":89,"column":20},"end":{"line":89,"column":25},"skip":true},{"start":{"line":89,"column":29},"end":{"line":89,"column":48},"skip":true},{"start":{"line":89,"column":52},"end":{"line":89,"column":74},"skip":true}]},"12":{"line":92,"type":"if","locations":[{"start":{"line":92,"column":16},"end":{"line":92,"column":16},"skip":true},{"start":{"line":92,"column":16},"end":{"line":92,"column":16},"skip":true}]},"13":{"line":108,"type":"if","locations":[{"start":{"line":108,"column":12},"end":{"line":108,"column":12},"skip":true},{"start":{"line":108,"column":12},"end":{"line":108,"column":12},"skip":true}]},"14":{"line":108,"type":"binary-expr","locations":[{"start":{"line":108,"column":16},"end":{"line":108,"column":61},"skip":true},{"start":{"line":108,"column":66},"end":{"line":108,"column":72},"skip":true},{"start":{"line":108,"column":77},"end":{"line":108,"column":82},"skip":true},{"start":{"line":109,"column":20},"end":{"line":109,"column":39},"skip":true},{"start":{"line":110,"column":20},"end":{"line":110,"column":49},"skip":true},{"start":{"line":111,"column":20},"end":{"line":111,"column":58},"skip":true},{"start":{"line":112,"column":20},"end":{"line":112,"column":68},"skip":true}]},"15":{"line":129,"type":"if","locations":[{"start":{"line":129,"column":16},"end":{"line":129,"column":16},"skip":true},{"start":{"line":129,"column":16},"end":{"line":129,"column":16},"skip":true}]},"16":{"line":134,"type":"cond-expr","locations":[{"start":{"line":135,"column":26},"end":{"line":135,"column":29},"skip":true},{"start":{"line":136,"column":26},"end":{"line":136,"column":54},"skip":true}]},"17":{"line":164,"type":"binary-expr","locations":[{"start":{"line":164,"column":27},"end":{"line":164,"column":43},"skip":true},{"start":{"line":164,"column":47},"end":{"line":164,"column":49},"skip":true}]},"18":{"line":258,"type":"if","locations":[{"start":{"line":258,"column":8},"end":{"line":258,"column":8},"skip":true},{"start":{"line":258,"column":8},"end":{"line":258,"column":8},"skip":true}]},"19":{"line":275,"type":"switch","locations":[{"start":{"line":276,"column":20},"end":{"line":277,"column":64},"skip":true},{"start":{"line":278,"column":20},"end":{"line":279,"column":40},"skip":true},{"start":{"line":280,"column":20},"end":{"line":281,"column":40},"skip":true},{"start":{"line":282,"column":20},"end":{"line":283,"column":39},"skip":true}]},"20":{"line":288,"type":"if","locations":[{"start":{"line":288,"column":8},"end":{"line":288,"column":8},"skip":true},{"start":{"line":288,"column":8},"end":{"line":288,"column":8},"skip":true}]},"21":{"line":288,"type":"binary-expr","locations":[{"start":{"line":288,"column":12},"end":{"line":288,"column":40},"skip":true},{"start":{"line":288,"column":44},"end":{"line":288,"column":67},"skip":true}]},"22":{"line":292,"type":"binary-expr","locations":[{"start":{"line":292,"column":12},"end":{"line":292,"column":50},"skip":true},{"start":{"line":293,"column":12},"end":{"line":293,"column":53},"skip":true}]},"23":{"line":297,"type":"binary-expr","locations":[{"start":{"line":297,"column":12},"end":{"line":297,"column":66},"skip":true},{"start":{"line":298,"column":12},"end":{"line":301,"column":36},"skip":true}]},"24":{"line":303,"type":"binary-expr","locations":[{"start":{"line":303,"column":43},"end":{"line":303,"column":75},"skip":true},{"start":{"line":303,"column":79},"end":{"line":303,"column":81},"skip":true}]},"25":{"line":306,"type":"if","locations":[{"start":{"line":306,"column":8},"end":{"line":306,"column":8},"skip":true},{"start":{"line":306,"column":8},"end":{"line":306,"column":8},"skip":true}]},"26":{"line":310,"type":"if","locations":[{"start":{"line":310,"column":8},"end":{"line":310,"column":8},"skip":true},{"start":{"line":310,"column":8},"end":{"line":310,"column":8},"skip":true}]},"27":{"line":313,"type":"binary-expr","locations":[{"start":{"line":313,"column":27},"end":{"line":313,"column":43},"skip":true},{"start":{"line":313,"column":47},"end":{"line":313,"column":53},"skip":true}]},"28":{"line":317,"type":"if","locations":[{"start":{"line":317,"column":12},"end":{"line":317,"column":12},"skip":true},{"start":{"line":317,"column":12},"end":{"line":317,"column":12},"skip":true}]}},"code":["/*","example.js","","quickstart example","","instruction","    1. save this script as example.js","    2. run the shell command:","        $ npm install npmtest-jsverify && PORT=8081 node example.js","    3. play with the browser-demo on http://127.0.0.1:8081","*/","","","","/* istanbul instrument in package npmtest_jsverify */","/*jslint","    bitwise: true,","    browser: true,","    maxerr: 8,","    maxlen: 96,","    node: true,","    nomen: true,","    regexp: true,","    stupid: true","*/","(function () {","    'use strict';","    var local;","","","","    // run shared js-env code - pre-init","    (function () {","        // init local","        local = {};","        // init modeJs","        local.modeJs = (function () {","            try {","                return typeof navigator.userAgent === 'string' &&","                    typeof document.querySelector('body') === 'object' &&","                    typeof XMLHttpRequest.prototype.open === 'function' &&","                    'browser';","            } catch (errorCaughtBrowser) {","                return module.exports &&","                    typeof process.versions.node === 'string' &&","                    typeof require('http').createServer === 'function' &&","                    'node';","            }","        }());","        // init global","        local.global = local.modeJs === 'browser'","            ? window","            : global;","        // init utility2_rollup","        local = local.global.utility2_rollup || (local.modeJs === 'browser'","            ? local.global.utility2_npmtest_jsverify","            : global.utility2_moduleExports);","        // export local","        local.global.local = local;","    }());","    switch (local.modeJs) {","","","","    // post-init","    // run browser js-env code - post-init","    /* istanbul ignore next */","    case 'browser':","        local.testRunBrowser = function (event) {","            if (!event || (event &&","                    event.currentTarget &&","                    event.currentTarget.className &&","                    event.currentTarget.className.includes &&","                    event.currentTarget.className.includes('onreset'))) {","                // reset output","                Array.from(","                    document.querySelectorAll('body > .resettable')","                ).forEach(function (element) {","                    switch (element.tagName) {","                    case 'INPUT':","                    case 'TEXTAREA':","                        element.value = '';","                        break;","                    default:","                        element.textContent = '';","                    }","                });","            }","            switch (event && event.currentTarget && event.currentTarget.id) {","            case 'testRunButton1':","                // show tests","                if (document.querySelector('#testReportDiv1').style.display === 'none') {","                    document.querySelector('#testReportDiv1').style.display = 'block';","                    document.querySelector('#testRunButton1').textContent =","                        'hide internal test';","                    local.modeTest = true;","                    local.testRunDefault(local);","                // hide tests","                } else {","                    document.querySelector('#testReportDiv1').style.display = 'none';","                    document.querySelector('#testRunButton1').textContent = 'run internal test';","                }","                break;","            // custom-case","            default:","                break;","            }","            if (document.querySelector('#inputTextareaEval1') && (!event || (event &&","                    event.currentTarget &&","                    event.currentTarget.className &&","                    event.currentTarget.className.includes &&","                    event.currentTarget.className.includes('oneval')))) {","                // try to eval input-code","                try {","                    /*jslint evil: true*/","                    eval(document.querySelector('#inputTextareaEval1').value);","                } catch (errorCaught) {","                    console.error(errorCaught);","                }","            }","        };","        // log stderr and stdout to #outputTextareaStdout1","        ['error', 'log'].forEach(function (key) {","            console[key + '_original'] = console[key];","            console[key] = function () {","                var element;","                console[key + '_original'].apply(console, arguments);","                element = document.querySelector('#outputTextareaStdout1');","                if (!element) {","                    return;","                }","                // append text to #outputTextareaStdout1","                element.value += Array.from(arguments).map(function (arg) {","                    return typeof arg === 'string'","                        ? arg","                        : JSON.stringify(arg, null, 4);","                }).join(' ') + '\\n';","                // scroll textarea to bottom","                element.scrollTop = element.scrollHeight;","            };","        });","        // init event-handling","        ['change', 'click', 'keyup'].forEach(function (event) {","            Array.from(document.querySelectorAll('.on' + event)).forEach(function (element) {","                element.addEventListener(event, local.testRunBrowser);","            });","        });","        // run tests","        local.testRunBrowser();","        break;","","","","    // run node js-env code - post-init","    /* istanbul ignore next */","    case 'node':","        // export local","        module.exports = local;","        // require modules","        local.fs = require('fs');","        local.http = require('http');","        local.url = require('url');","        // init assets","        local.assetsDict = local.assetsDict || {};","        /* jslint-ignore-begin */","        local.assetsDict['/assets.index.template.html'] = '\\","<!doctype html>\\n\\","<html lang=\"en\">\\n\\","<head>\\n\\","<meta charset=\"UTF-8\">\\n\\","<meta name=\"viewport\" content=\"width=device-width, initial-scale=1\">\\n\\","<title>{{env.npm_package_name}} (v{{env.npm_package_version}})</title>\\n\\","<style>\\n\\","/*csslint\\n\\","    box-sizing: false,\\n\\","    universal-selector: false\\n\\","*/\\n\\","* {\\n\\","    box-sizing: border-box;\\n\\","}\\n\\","body {\\n\\","    background: #dde;\\n\\","    font-family: Arial, Helvetica, sans-serif;\\n\\","    margin: 2rem;\\n\\","}\\n\\","body > * {\\n\\","    margin-bottom: 1rem;\\n\\","}\\n\\",".utility2FooterDiv {\\n\\","    margin-top: 20px;\\n\\","    text-align: center;\\n\\","}\\n\\","</style>\\n\\","<style>\\n\\","/*csslint\\n\\","*/\\n\\","textarea {\\n\\","    font-family: monospace;\\n\\","    height: 10rem;\\n\\","    width: 100%;\\n\\","}\\n\\","textarea[readonly] {\\n\\","    background: #ddd;\\n\\","}\\n\\","</style>\\n\\","</head>\\n\\","<body>\\n\\","<!-- utility2-comment\\n\\","<div id=\"ajaxProgressDiv1\" style=\"background: #d00; height: 2px; left: 0; margin: 0; padding: 0; position: fixed; top: 0; transition: background 0.5s, width 1.5s; width: 25%;\"></div>\\n\\","utility2-comment -->\\n\\","<h1>\\n\\","<!-- utility2-comment\\n\\","    <a\\n\\","        {{#if env.npm_package_homepage}}\\n\\","        href=\"{{env.npm_package_homepage}}\"\\n\\","        {{/if env.npm_package_homepage}}\\n\\","        target=\"_blank\"\\n\\","    >\\n\\","utility2-comment -->\\n\\","        {{env.npm_package_name}} (v{{env.npm_package_version}})\\n\\","<!-- utility2-comment\\n\\","    </a>\\n\\","utility2-comment -->\\n\\","</h1>\\n\\","<h3>{{env.npm_package_description}}</h3>\\n\\","<!-- utility2-comment\\n\\","<h4><a download href=\"assets.app.js\">download standalone app</a></h4>\\n\\","<button class=\"onclick onreset\" id=\"testRunButton1\">run internal test</button><br>\\n\\","<div id=\"testReportDiv1\" style=\"display: none;\"></div>\\n\\","utility2-comment -->\\n\\","\\n\\","\\n\\","\\n\\","<label>stderr and stdout</label>\\n\\","<textarea class=\"resettable\" id=\"outputTextareaStdout1\" readonly></textarea>\\n\\","<!-- utility2-comment\\n\\","{{#if isRollup}}\\n\\","<script src=\"assets.app.js\"></script>\\n\\","{{#unless isRollup}}\\n\\","utility2-comment -->\\n\\","<script src=\"assets.utility2.rollup.js\"></script>\\n\\","<script src=\"jsonp.utility2._stateInit?callback=window.utility2._stateInit\"></script>\\n\\","<script src=\"assets.npmtest_jsverify.rollup.js\"></script>\\n\\","<script src=\"assets.example.js\"></script>\\n\\","<script src=\"assets.test.js\"></script>\\n\\","<!-- utility2-comment\\n\\","{{/if isRollup}}\\n\\","utility2-comment -->\\n\\","<div class=\"utility2FooterDiv\">\\n\\","    [ this app was created with\\n\\","    <a href=\"https://github.com/kaizhu256/node-utility2\" target=\"_blank\">utility2</a>\\n\\","    ]\\n\\","</div>\\n\\","</body>\\n\\","</html>\\n\\","';","        /* jslint-ignore-end */","        if (local.templateRender) {","            local.assetsDict['/'] = local.templateRender(","                local.assetsDict['/assets.index.template.html'],","                {","                    env: local.objectSetDefault(local.env, {","                        npm_package_description: 'the greatest app in the world!',","                        npm_package_name: 'my-app',","                        npm_package_nameAlias: 'my_app',","                        npm_package_version: '0.0.1'","                    })","                }","            );","        } else {","            local.assetsDict['/'] = local.assetsDict['/assets.index.template.html']","                .replace((/\\{\\{env\\.(\\w+?)\\}\\}/g), function (match0, match1) {","                    // jslint-hack","                    String(match0);","                    switch (match1) {","                    case 'npm_package_description':","                        return 'the greatest app in the world!';","                    case 'npm_package_name':","                        return 'my-app';","                    case 'npm_package_nameAlias':","                        return 'my_app';","                    case 'npm_package_version':","                        return '0.0.1';","                    }","                });","        }","        // run the cli","        if (local.global.utility2_rollup || module !== require.main) {","            break;","        }","        local.assetsDict['/assets.example.js'] =","            local.assetsDict['/assets.example.js'] ||","            local.fs.readFileSync(__filename, 'utf8');","        // bug-workaround - long $npm_package_buildCustomOrg","        /* jslint-ignore-begin */","        local.assetsDict['/assets.npmtest_jsverify.rollup.js'] =","            local.assetsDict['/assets.npmtest_jsverify.rollup.js'] ||","            local.fs.readFileSync(","                local.npmtest_jsverify.__dirname + '/lib.npmtest_jsverify.js',","                'utf8'","            ).replace((/^#!/), '//');","        /* jslint-ignore-end */","        local.assetsDict['/favicon.ico'] = local.assetsDict['/favicon.ico'] || '';","        // if $npm_config_timeout_exit exists,","        // then exit this process after $npm_config_timeout_exit ms","        if (Number(process.env.npm_config_timeout_exit)) {","            setTimeout(process.exit, Number(process.env.npm_config_timeout_exit));","        }","        // start server","        if (local.global.utility2_serverHttp1) {","            break;","        }","        process.env.PORT = process.env.PORT || '8081';","        console.error('server starting on port ' + process.env.PORT);","        local.http.createServer(function (request, response) {","            request.urlParsed = local.url.parse(request.url);","            if (local.assetsDict[request.urlParsed.pathname] !== undefined) {","                response.end(local.assetsDict[request.urlParsed.pathname]);","                return;","            }","            response.statusCode = 404;","            response.end();","        }).listen(process.env.PORT);","        break;","    }","}());",""],"l":{"26":2,"28":2,"33":2,"35":2,"37":2,"38":2,"39":2,"44":1,"51":2,"55":2,"59":2,"61":2,"69":1,"70":2,"76":2,"79":2,"82":2,"83":2,"85":1,"89":2,"92":1,"93":1,"94":1,"96":1,"97":1,"100":1,"101":1,"103":1,"106":1,"108":2,"114":1,"116":1,"118":1,"123":1,"124":2,"125":2,"126":3,"127":3,"128":3,"129":3,"130":1,"133":3,"134":3,"139":3,"143":1,"144":3,"145":1,"149":1,"150":1,"158":1,"160":1,"161":1,"162":1,"164":1,"166":1,"258":1,"259":1,"271":1,"274":6,"275":6,"277":1,"279":2,"281":1,"283":2,"288":1,"289":1,"291":1,"296":1,"303":1,"306":1,"307":1,"310":1,"311":1,"313":1,"314":1,"315":1,"316":1,"317":1,"318":1,"319":1,"321":1,"322":1,"324":1}},"/home/travis/build/npmtest/node-npmtest-jsverify/node_modules/jsverify/lib/jsverify.js":{"path":"/home/travis/build/npmtest/node-npmtest-jsverify/node_modules/jsverify/lib/jsverify.js","s":{"1":1,"2":1,"3":1,"4":1,"5":1,"6":1,"7":1,"8":1,"9":1,"10":1,"11":1,"12":1,"13":1,"14":1,"15":1,"16":1,"17":0,"18":0,"19":0,"20":0,"21":0,"22":0,"23":0,"24":0,"25":0,"26":0,"27":0,"28":0,"29":0,"30":0,"31":0,"32":1,"33":0,"34":1,"35":0,"36":0,"37":0,"38":0,"39":0,"40":0,"41":0,"42":0,"43":0,"44":0,"45":0,"46":0,"47":0,"48":0,"49":1,"50":0,"51":0,"52":0,"53":0,"54":0,"55":0,"56":0,"57":0,"58":0,"59":0,"60":0,"61":0,"62":0,"63":0,"64":0,"65":0,"66":0,"67":1,"68":0,"69":0,"70":0,"71":0,"72":0,"73":0,"74":0,"75":0,"76":0,"77":0,"78":1,"79":0,"80":0,"81":0,"82":1,"83":0,"84":0,"85":0,"86":0,"87":0,"88":0,"89":0,"90":0,"91":0,"92":0,"93":0,"94":0,"95":1,"96":0,"97":0,"98":0,"99":0,"100":0,"101":0,"102":0,"103":0,"104":0,"105":0,"106":0,"107":0,"108":0,"109":0,"110":0,"111":0,"112":0,"113":0,"114":1,"115":0,"116":0,"117":0,"118":0,"119":0,"120":0,"121":0,"122":0,"123":0,"124":1,"125":0,"126":0,"127":0,"128":0,"129":0,"130":0,"131":0,"132":0,"133":0,"134":0,"135":0,"136":1,"137":0,"138":0,"139":1,"140":0,"141":0,"142":0,"143":0,"144":0,"145":0,"146":0,"147":0,"148":0,"149":1,"150":0,"151":0,"152":0,"153":0,"154":0,"155":0,"156":0,"157":0,"158":0,"159":0,"160":1,"161":0,"162":1,"163":0,"164":1,"165":1,"166":36,"167":1},"b":{"1":[0,0],"2":[0,0],"3":[0,0,0,0,0],"4":[0,0],"5":[0,0],"6":[0,0],"7":[0,0],"8":[0,0],"9":[0,0],"10":[0,0],"11":[0,0],"12":[0,0],"13":[0,0],"14":[0,0],"15":[0,0],"16":[0,0],"17":[0,0],"18":[0,0],"19":[0,0],"20":[0,0],"21":[0,0],"22":[0,0],"23":[0,0],"24":[0,0],"25":[0,0],"26":[0,0],"27":[0,0],"28":[0,0],"29":[0,0],"30":[0,0],"31":[0,0],"32":[0,0],"33":[0,0],"34":[0,0],"35":[0,0],"36":[0,0],"37":[0,0],"38":[0,0],"39":[0,0],"40":[0,0],"41":[0,0],"42":[0,0],"43":[0,0]},"f":{"1":0,"2":0,"3":0,"4":0,"5":0,"6":0,"7":0,"8":0,"9":0,"10":0,"11":0,"12":0,"13":0,"14":0,"15":0,"16":0,"17":0,"18":0,"19":0,"20":0,"21":0,"22":0,"23":0,"24":0,"25":0,"26":0,"27":0,"28":0,"29":0,"30":0,"31":0},"fnMap":{"1":{"name":"shrinkResult","line":140,"loc":{"start":{"line":140,"column":0},"end":{"line":140,"column":69}}},"2":{"name":"(anonymous_2)","line":150,"loc":{"start":{"line":150,"column":45},"end":{"line":150,"column":64}}},"3":{"name":"(anonymous_3)","line":152,"loc":{"start":{"line":152,"column":26},"end":{"line":152,"column":44}}},"4":{"name":"(anonymous_4)","line":157,"loc":{"start":{"line":157,"column":30},"end":{"line":157,"column":54}}},"5":{"name":"isArbitrary","line":172,"loc":{"start":{"line":172,"column":0},"end":{"line":172,"column":26}}},"6":{"name":"forall","line":184,"loc":{"start":{"line":184,"column":0},"end":{"line":184,"column":18}}},"7":{"name":"(anonymous_7)","line":202,"loc":{"start":{"line":202,"column":18},"end":{"line":202,"column":31}}},"8":{"name":"test","line":209,"loc":{"start":{"line":209,"column":2},"end":{"line":209,"column":34}}},"9":{"name":"(anonymous_9)","line":212,"loc":{"start":{"line":212,"column":37},"end":{"line":212,"column":55}}},"10":{"name":"(anonymous_10)","line":218,"loc":{"start":{"line":218,"column":33},"end":{"line":218,"column":54}}},"11":{"name":"(anonymous_11)","line":222,"loc":{"start":{"line":222,"column":67},"end":{"line":222,"column":81}}},"12":{"name":"(anonymous_12)","line":238,"loc":{"start":{"line":238,"column":9},"end":{"line":238,"column":25}}},"13":{"name":"(anonymous_13)","line":239,"loc":{"start":{"line":239,"column":21},"end":{"line":239,"column":36}}},"14":{"name":"formatFailedCase","line":245,"loc":{"start":{"line":245,"column":0},"end":{"line":245,"column":50}}},"15":{"name":"findRngState","line":262,"loc":{"start":{"line":262,"column":0},"end":{"line":262,"column":28}}},"16":{"name":"check","line":288,"loc":{"start":{"line":288,"column":0},"end":{"line":288,"column":31}}},"17":{"name":"loop","line":307,"loc":{"start":{"line":307,"column":2},"end":{"line":307,"column":19}}},"18":{"name":"(anonymous_18)","line":318,"loc":{"start":{"line":318,"column":26},"end":{"line":318,"column":44}}},"19":{"name":"(anonymous_19)","line":332,"loc":{"start":{"line":332,"column":42},"end":{"line":332,"column":55}}},"20":{"name":"checkThrow","line":348,"loc":{"start":{"line":348,"column":0},"end":{"line":348,"column":36}}},"21":{"name":"(anonymous_21)","line":354,"loc":{"start":{"line":354,"column":56},"end":{"line":354,"column":69}}},"22":{"name":"bddProperty","line":384,"loc":{"start":{"line":384,"column":0},"end":{"line":384,"column":27}}},"23":{"name":"(anonymous_23)","line":388,"loc":{"start":{"line":388,"column":13},"end":{"line":388,"column":25}}},"24":{"name":"(anonymous_24)","line":389,"loc":{"start":{"line":389,"column":48},"end":{"line":389,"column":66}}},"25":{"name":"(anonymous_25)","line":399,"loc":{"start":{"line":399,"column":13},"end":{"line":399,"column":25}}},"26":{"name":"compile","line":411,"loc":{"start":{"line":411,"column":0},"end":{"line":411,"column":27}}},"27":{"name":"sampler","line":436,"loc":{"start":{"line":436,"column":0},"end":{"line":436,"column":28}}},"28":{"name":"(anonymous_28)","line":438,"loc":{"start":{"line":438,"column":9},"end":{"line":438,"column":26}}},"29":{"name":"throws","line":457,"loc":{"start":{"line":457,"column":0},"end":{"line":457,"column":39}}},"30":{"name":"assertForall","line":484,"loc":{"start":{"line":484,"column":0},"end":{"line":484,"column":24}}},"31":{"name":"checkForall","line":497,"loc":{"start":{"line":497,"column":0},"end":{"line":497,"column":23}}}},"statementMap":{"1":{"start":{"line":119,"column":0},"end":{"line":119,"column":31}},"2":{"start":{"line":120,"column":0},"end":{"line":120,"column":34}},"3":{"start":{"line":122,"column":0},"end":{"line":122,"column":30}},"4":{"start":{"line":123,"column":0},"end":{"line":123,"column":36}},"5":{"start":{"line":124,"column":0},"end":{"line":124,"column":46}},"6":{"start":{"line":125,"column":0},"end":{"line":125,"column":37}},"7":{"start":{"line":126,"column":0},"end":{"line":126,"column":28}},"8":{"start":{"line":127,"column":0},"end":{"line":127,"column":38}},"9":{"start":{"line":128,"column":0},"end":{"line":128,"column":36}},"10":{"start":{"line":129,"column":0},"end":{"line":129,"column":32}},"11":{"start":{"line":130,"column":0},"end":{"line":130,"column":36}},"12":{"start":{"line":131,"column":0},"end":{"line":131,"column":40}},"13":{"start":{"line":132,"column":0},"end":{"line":132,"column":30}},"14":{"start":{"line":133,"column":0},"end":{"line":133,"column":36}},"15":{"start":{"line":134,"column":0},"end":{"line":134,"column":34}},"16":{"start":{"line":140,"column":0},"end":{"line":170,"column":1}},"17":{"start":{"line":141,"column":2},"end":{"line":141,"column":86}},"18":{"start":{"line":142,"column":2},"end":{"line":142,"column":74}},"19":{"start":{"line":143,"column":2},"end":{"line":143,"column":81}},"20":{"start":{"line":145,"column":2},"end":{"line":145,"column":44}},"21":{"start":{"line":146,"column":2},"end":{"line":146,"column":40}},"22":{"start":{"line":148,"column":2},"end":{"line":148,"column":42}},"23":{"start":{"line":150,"column":2},"end":{"line":155,"column":5}},"24":{"start":{"line":151,"column":4},"end":{"line":151,"column":40}},"25":{"start":{"line":152,"column":4},"end":{"line":154,"column":7}},"26":{"start":{"line":153,"column":6},"end":{"line":153,"column":47}},"27":{"start":{"line":157,"column":2},"end":{"line":169,"column":5}},"28":{"start":{"line":158,"column":4},"end":{"line":168,"column":5}},"29":{"start":{"line":159,"column":6},"end":{"line":164,"column":8}},"30":{"start":{"line":165,"column":6},"end":{"line":165,"column":28}},"31":{"start":{"line":167,"column":6},"end":{"line":167,"column":26}},"32":{"start":{"line":172,"column":0},"end":{"line":177,"column":1}},"33":{"start":{"line":173,"column":2},"end":{"line":176,"column":35}},"34":{"start":{"line":184,"column":0},"end":{"line":243,"column":1}},"35":{"start":{"line":185,"column":2},"end":{"line":185,"column":51}},"36":{"start":{"line":186,"column":2},"end":{"line":186,"column":31}},"37":{"start":{"line":187,"column":2},"end":{"line":187,"column":39}},"38":{"start":{"line":188,"column":2},"end":{"line":188,"column":10}},"39":{"start":{"line":190,"column":2},"end":{"line":190,"column":38}},"40":{"start":{"line":192,"column":2},"end":{"line":197,"column":3}},"41":{"start":{"line":193,"column":4},"end":{"line":193,"column":44}},"42":{"start":{"line":194,"column":4},"end":{"line":194,"column":29}},"43":{"start":{"line":196,"column":4},"end":{"line":196,"column":22}},"44":{"start":{"line":199,"column":2},"end":{"line":199,"column":71}},"45":{"start":{"line":202,"column":2},"end":{"line":205,"column":5}},"46":{"start":{"line":203,"column":4},"end":{"line":203,"column":63}},"47":{"start":{"line":204,"column":4},"end":{"line":204,"column":26}},"48":{"start":{"line":207,"column":2},"end":{"line":207,"column":74}},"49":{"start":{"line":209,"column":2},"end":{"line":236,"column":3}},"50":{"start":{"line":210,"column":4},"end":{"line":210,"column":74}},"51":{"start":{"line":212,"column":4},"end":{"line":235,"column":7}},"52":{"start":{"line":213,"column":6},"end":{"line":234,"column":7}},"53":{"start":{"line":214,"column":8},"end":{"line":214,"column":20}},"54":{"start":{"line":215,"column":13},"end":{"line":234,"column":7}},"55":{"start":{"line":216,"column":8},"end":{"line":216,"column":27}},"56":{"start":{"line":218,"column":8},"end":{"line":231,"column":11}},"57":{"start":{"line":219,"column":10},"end":{"line":230,"column":11}},"58":{"start":{"line":220,"column":12},"end":{"line":220,"column":24}},"59":{"start":{"line":222,"column":12},"end":{"line":229,"column":15}},"60":{"start":{"line":223,"column":14},"end":{"line":228,"column":16}},"61":{"start":{"line":233,"column":8},"end":{"line":233,"column":84}},"62":{"start":{"line":238,"column":2},"end":{"line":242,"column":4}},"63":{"start":{"line":239,"column":4},"end":{"line":239,"column":69}},"64":{"start":{"line":239,"column":38},"end":{"line":239,"column":65}},"65":{"start":{"line":240,"column":4},"end":{"line":240,"column":29}},"66":{"start":{"line":241,"column":4},"end":{"line":241,"column":13}},"67":{"start":{"line":245,"column":0},"end":{"line":260,"column":1}},"68":{"start":{"line":246,"column":2},"end":{"line":246,"column":81}},"69":{"start":{"line":247,"column":2},"end":{"line":247,"column":53}},"70":{"start":{"line":248,"column":2},"end":{"line":248,"column":57}},"71":{"start":{"line":249,"column":2},"end":{"line":258,"column":3}},"72":{"start":{"line":250,"column":4},"end":{"line":257,"column":5}},"73":{"start":{"line":251,"column":6},"end":{"line":251,"column":43}},"74":{"start":{"line":252,"column":6},"end":{"line":254,"column":7}},"75":{"start":{"line":253,"column":8},"end":{"line":253,"column":47}},"76":{"start":{"line":256,"column":6},"end":{"line":256,"column":31}},"77":{"start":{"line":259,"column":2},"end":{"line":259,"column":13}},"78":{"start":{"line":262,"column":0},"end":{"line":268,"column":1}},"79":{"start":{"line":263,"column":2},"end":{"line":267,"column":3}},"80":{"start":{"line":264,"column":4},"end":{"line":266,"column":5}},"81":{"start":{"line":265,"column":6},"end":{"line":265,"column":25}},"82":{"start":{"line":288,"column":0},"end":{"line":341,"column":1}},"83":{"start":{"line":289,"column":2},"end":{"line":289,"column":20}},"84":{"start":{"line":290,"column":2},"end":{"line":290,"column":30}},"85":{"start":{"line":291,"column":2},"end":{"line":291,"column":33}},"86":{"start":{"line":292,"column":2},"end":{"line":292,"column":35}},"87":{"start":{"line":294,"column":2},"end":{"line":294,"column":74}},"88":{"start":{"line":296,"column":2},"end":{"line":296,"column":12}},"89":{"start":{"line":298,"column":2},"end":{"line":305,"column":3}},"90":{"start":{"line":299,"column":4},"end":{"line":299,"column":41}},"91":{"start":{"line":300,"column":9},"end":{"line":305,"column":3}},"92":{"start":{"line":301,"column":4},"end":{"line":301,"column":47}},"93":{"start":{"line":302,"column":4},"end":{"line":304,"column":5}},"94":{"start":{"line":303,"column":6},"end":{"line":303,"column":39}},"95":{"start":{"line":307,"column":2},"end":{"line":330,"column":3}},"96":{"start":{"line":308,"column":4},"end":{"line":308,"column":40}},"97":{"start":{"line":309,"column":4},"end":{"line":311,"column":5}},"98":{"start":{"line":310,"column":6},"end":{"line":310,"column":18}},"99":{"start":{"line":313,"column":4},"end":{"line":313,"column":36}},"100":{"start":{"line":316,"column":4},"end":{"line":316,"column":41}},"101":{"start":{"line":318,"column":4},"end":{"line":329,"column":7}},"102":{"start":{"line":319,"column":6},"end":{"line":328,"column":7}},"103":{"start":{"line":320,"column":8},"end":{"line":320,"column":27}},"104":{"start":{"line":322,"column":8},"end":{"line":322,"column":25}},"105":{"start":{"line":324,"column":8},"end":{"line":326,"column":9}},"106":{"start":{"line":325,"column":10},"end":{"line":325,"column":86}},"107":{"start":{"line":327,"column":8},"end":{"line":327,"column":22}},"108":{"start":{"line":332,"column":2},"end":{"line":340,"column":6}},"109":{"start":{"line":333,"column":4},"end":{"line":337,"column":5}},"110":{"start":{"line":334,"column":6},"end":{"line":334,"column":79}},"111":{"start":{"line":334,"column":25},"end":{"line":334,"column":77}},"112":{"start":{"line":336,"column":6},"end":{"line":336,"column":25}},"113":{"start":{"line":339,"column":4},"end":{"line":339,"column":13}},"114":{"start":{"line":348,"column":0},"end":{"line":364,"column":1}},"115":{"start":{"line":349,"column":2},"end":{"line":349,"column":20}},"116":{"start":{"line":350,"column":2},"end":{"line":352,"column":3}},"117":{"start":{"line":351,"column":4},"end":{"line":351,"column":22}},"118":{"start":{"line":354,"column":2},"end":{"line":363,"column":6}},"119":{"start":{"line":355,"column":4},"end":{"line":362,"column":5}},"120":{"start":{"line":356,"column":6},"end":{"line":361,"column":7}},"121":{"start":{"line":357,"column":8},"end":{"line":357,"column":44}},"122":{"start":{"line":358,"column":8},"end":{"line":358,"column":20}},"123":{"start":{"line":360,"column":8},"end":{"line":360,"column":45}},"124":{"start":{"line":384,"column":0},"end":{"line":404,"column":1}},"125":{"start":{"line":386,"column":2},"end":{"line":386,"column":54}},"126":{"start":{"line":387,"column":2},"end":{"line":402,"column":3}},"127":{"start":{"line":388,"column":4},"end":{"line":396,"column":7}},"128":{"start":{"line":389,"column":6},"end":{"line":395,"column":10}},"129":{"start":{"line":390,"column":8},"end":{"line":394,"column":9}},"130":{"start":{"line":391,"column":10},"end":{"line":391,"column":36}},"131":{"start":{"line":392,"column":15},"end":{"line":394,"column":9}},"132":{"start":{"line":393,"column":10},"end":{"line":393,"column":50}},"133":{"start":{"line":398,"column":4},"end":{"line":398,"column":45}},"134":{"start":{"line":399,"column":4},"end":{"line":401,"column":7}},"135":{"start":{"line":400,"column":6},"end":{"line":400,"column":30}},"136":{"start":{"line":411,"column":0},"end":{"line":414,"column":1}},"137":{"start":{"line":412,"column":2},"end":{"line":412,"column":58}},"138":{"start":{"line":413,"column":2},"end":{"line":413,"column":38}},"139":{"start":{"line":436,"column":0},"end":{"line":450,"column":1}},"140":{"start":{"line":437,"column":2},"end":{"line":437,"column":56}},"141":{"start":{"line":438,"column":2},"end":{"line":449,"column":4}},"142":{"start":{"line":439,"column":4},"end":{"line":448,"column":5}},"143":{"start":{"line":440,"column":6},"end":{"line":440,"column":19}},"144":{"start":{"line":441,"column":6},"end":{"line":441,"column":30}},"145":{"start":{"line":442,"column":6},"end":{"line":444,"column":7}},"146":{"start":{"line":443,"column":8},"end":{"line":443,"column":38}},"147":{"start":{"line":445,"column":6},"end":{"line":445,"column":17}},"148":{"start":{"line":447,"column":6},"end":{"line":447,"column":33}},"149":{"start":{"line":457,"column":0},"end":{"line":475,"column":1}},"150":{"start":{"line":458,"column":2},"end":{"line":458,"column":110}},"151":{"start":{"line":459,"column":2},"end":{"line":459,"column":109}},"152":{"start":{"line":461,"column":2},"end":{"line":474,"column":3}},"153":{"start":{"line":462,"column":4},"end":{"line":462,"column":12}},"154":{"start":{"line":463,"column":4},"end":{"line":463,"column":17}},"155":{"start":{"line":465,"column":4},"end":{"line":473,"column":5}},"156":{"start":{"line":466,"column":6},"end":{"line":470,"column":7}},"157":{"start":{"line":467,"column":8},"end":{"line":467,"column":62}},"158":{"start":{"line":469,"column":8},"end":{"line":469,"column":21}},"159":{"start":{"line":472,"column":6},"end":{"line":472,"column":18}},"160":{"start":{"line":484,"column":0},"end":{"line":486,"column":1}},"161":{"start":{"line":485,"column":2},"end":{"line":485,"column":51}},"162":{"start":{"line":497,"column":0},"end":{"line":499,"column":1}},"163":{"start":{"line":498,"column":2},"end":{"line":498,"column":46}},"164":{"start":{"line":540,"column":0},"end":{"line":576,"column":2}},"165":{"start":{"line":580,"column":0},"end":{"line":582,"column":1}},"166":{"start":{"line":581,"column":2},"end":{"line":581,"column":28}},"167":{"start":{"line":585,"column":0},"end":{"line":585,"column":21}}},"branchMap":{"1":{"line":153,"type":"cond-expr","locations":[{"start":{"line":153,"column":31},"end":{"line":153,"column":37}},{"start":{"line":153,"column":40},"end":{"line":153,"column":46}}]},"2":{"line":158,"type":"if","locations":[{"start":{"line":158,"column":4},"end":{"line":158,"column":4}},{"start":{"line":158,"column":4},"end":{"line":158,"column":4}}]},"3":{"line":173,"type":"binary-expr","locations":[{"start":{"line":173,"column":10},"end":{"line":173,"column":33}},{"start":{"line":173,"column":37},"end":{"line":173,"column":62}},{"start":{"line":174,"column":4},"end":{"line":174,"column":39}},{"start":{"line":175,"column":4},"end":{"line":175,"column":36}},{"start":{"line":176,"column":4},"end":{"line":176,"column":34}}]},"4":{"line":192,"type":"if","locations":[{"start":{"line":192,"column":2},"end":{"line":192,"column":2}},{"start":{"line":192,"column":2},"end":{"line":192,"column":2}}]},"5":{"line":192,"type":"binary-expr","locations":[{"start":{"line":192,"column":6},"end":{"line":192,"column":27}},{"start":{"line":192,"column":31},"end":{"line":192,"column":58}}]},"6":{"line":203,"type":"cond-expr","locations":[{"start":{"line":203,"column":32},"end":{"line":203,"column":58}},{"start":{"line":203,"column":61},"end":{"line":203,"column":62}}]},"7":{"line":213,"type":"if","locations":[{"start":{"line":213,"column":6},"end":{"line":213,"column":6}},{"start":{"line":213,"column":6},"end":{"line":213,"column":6}}]},"8":{"line":215,"type":"if","locations":[{"start":{"line":215,"column":13},"end":{"line":215,"column":13}},{"start":{"line":215,"column":13},"end":{"line":215,"column":13}}]},"9":{"line":219,"type":"if","locations":[{"start":{"line":219,"column":10},"end":{"line":219,"column":10}},{"start":{"line":219,"column":10},"end":{"line":219,"column":10}}]},"10":{"line":227,"type":"binary-expr","locations":[{"start":{"line":227,"column":21},"end":{"line":227,"column":27}},{"start":{"line":227,"column":31},"end":{"line":227,"column":44}}]},"11":{"line":233,"type":"binary-expr","locations":[{"start":{"line":233,"column":58},"end":{"line":233,"column":61}},{"start":{"line":233,"column":65},"end":{"line":233,"column":66}}]},"12":{"line":247,"type":"binary-expr","locations":[{"start":{"line":247,"column":25},"end":{"line":247,"column":35}},{"start":{"line":247,"column":39},"end":{"line":247,"column":44}}]},"13":{"line":249,"type":"if","locations":[{"start":{"line":249,"column":2},"end":{"line":249,"column":2}},{"start":{"line":249,"column":2},"end":{"line":249,"column":2}}]},"14":{"line":250,"type":"if","locations":[{"start":{"line":250,"column":4},"end":{"line":250,"column":4}},{"start":{"line":250,"column":4},"end":{"line":250,"column":4}}]},"15":{"line":252,"type":"if","locations":[{"start":{"line":252,"column":6},"end":{"line":252,"column":6}},{"start":{"line":252,"column":6},"end":{"line":252,"column":6}}]},"16":{"line":264,"type":"if","locations":[{"start":{"line":264,"column":4},"end":{"line":264,"column":4}},{"start":{"line":264,"column":4},"end":{"line":264,"column":4}}]},"17":{"line":289,"type":"binary-expr","locations":[{"start":{"line":289,"column":9},"end":{"line":289,"column":13}},{"start":{"line":289,"column":17},"end":{"line":289,"column":19}}]},"18":{"line":290,"type":"binary-expr","locations":[{"start":{"line":290,"column":14},"end":{"line":290,"column":23}},{"start":{"line":290,"column":27},"end":{"line":290,"column":29}}]},"19":{"line":291,"type":"binary-expr","locations":[{"start":{"line":291,"column":15},"end":{"line":291,"column":25}},{"start":{"line":291,"column":29},"end":{"line":291,"column":32}}]},"20":{"line":292,"type":"binary-expr","locations":[{"start":{"line":292,"column":15},"end":{"line":292,"column":25}},{"start":{"line":292,"column":29},"end":{"line":292,"column":34}}]},"21":{"line":298,"type":"if","locations":[{"start":{"line":298,"column":2},"end":{"line":298,"column":2}},{"start":{"line":298,"column":2},"end":{"line":298,"column":2}}]},"22":{"line":300,"type":"if","locations":[{"start":{"line":300,"column":9},"end":{"line":300,"column":9}},{"start":{"line":300,"column":9},"end":{"line":300,"column":9}}]},"23":{"line":302,"type":"if","locations":[{"start":{"line":302,"column":4},"end":{"line":302,"column":4}},{"start":{"line":302,"column":4},"end":{"line":302,"column":4}}]},"24":{"line":309,"type":"if","locations":[{"start":{"line":309,"column":4},"end":{"line":309,"column":4}},{"start":{"line":309,"column":4},"end":{"line":309,"column":4}}]},"25":{"line":319,"type":"if","locations":[{"start":{"line":319,"column":6},"end":{"line":319,"column":6}},{"start":{"line":319,"column":6},"end":{"line":319,"column":6}}]},"26":{"line":324,"type":"if","locations":[{"start":{"line":324,"column":8},"end":{"line":324,"column":8}},{"start":{"line":324,"column":8},"end":{"line":324,"column":8}}]},"27":{"line":333,"type":"if","locations":[{"start":{"line":333,"column":4},"end":{"line":333,"column":4}},{"start":{"line":333,"column":4},"end":{"line":333,"column":4}}]},"28":{"line":334,"type":"if","locations":[{"start":{"line":334,"column":6},"end":{"line":334,"column":6}},{"start":{"line":334,"column":6},"end":{"line":334,"column":6}}]},"29":{"line":349,"type":"binary-expr","locations":[{"start":{"line":349,"column":9},"end":{"line":349,"column":13}},{"start":{"line":349,"column":17},"end":{"line":349,"column":19}}]},"30":{"line":350,"type":"if","locations":[{"start":{"line":350,"column":2},"end":{"line":350,"column":2}},{"start":{"line":350,"column":2},"end":{"line":350,"column":2}}]},"31":{"line":355,"type":"if","locations":[{"start":{"line":355,"column":4},"end":{"line":355,"column":4}},{"start":{"line":355,"column":4},"end":{"line":355,"column":4}}]},"32":{"line":356,"type":"if","locations":[{"start":{"line":356,"column":6},"end":{"line":356,"column":6}},{"start":{"line":356,"column":6},"end":{"line":356,"column":6}}]},"33":{"line":387,"type":"if","locations":[{"start":{"line":387,"column":2},"end":{"line":387,"column":2}},{"start":{"line":387,"column":2},"end":{"line":387,"column":2}}]},"34":{"line":390,"type":"if","locations":[{"start":{"line":390,"column":8},"end":{"line":390,"column":8}},{"start":{"line":390,"column":8},"end":{"line":390,"column":8}}]},"35":{"line":392,"type":"if","locations":[{"start":{"line":392,"column":15},"end":{"line":392,"column":15}},{"start":{"line":392,"column":15},"end":{"line":392,"column":15}}]},"36":{"line":412,"type":"cond-expr","locations":[{"start":{"line":412,"column":14},"end":{"line":412,"column":43}},{"start":{"line":412,"column":46},"end":{"line":412,"column":57}}]},"37":{"line":437,"type":"cond-expr","locations":[{"start":{"line":437,"column":36},"end":{"line":437,"column":50}},{"start":{"line":437,"column":53},"end":{"line":437,"column":55}}]},"38":{"line":439,"type":"if","locations":[{"start":{"line":439,"column":4},"end":{"line":439,"column":4}},{"start":{"line":439,"column":4},"end":{"line":439,"column":4}}]},"39":{"line":458,"type":"binary-expr","locations":[{"start":{"line":458,"column":9},"end":{"line":458,"column":28}},{"start":{"line":458,"column":32},"end":{"line":458,"column":59}}]},"40":{"line":459,"type":"binary-expr","locations":[{"start":{"line":459,"column":9},"end":{"line":459,"column":30}},{"start":{"line":459,"column":34},"end":{"line":459,"column":61}}]},"41":{"line":465,"type":"if","locations":[{"start":{"line":465,"column":4},"end":{"line":465,"column":4}},{"start":{"line":465,"column":4},"end":{"line":465,"column":4}}]},"42":{"line":466,"type":"if","locations":[{"start":{"line":466,"column":6},"end":{"line":466,"column":6}},{"start":{"line":466,"column":6},"end":{"line":466,"column":6}}]},"43":{"line":467,"type":"binary-expr","locations":[{"start":{"line":467,"column":15},"end":{"line":467,"column":36}},{"start":{"line":467,"column":40},"end":{"line":467,"column":61}}]}},"code":["/* @flow weak */","/**","  # JSVerify","","  <img src=\"https://raw.githubusercontent.com/jsverify/jsverify/master/jsverify-300.png\" align=\"right\" height=\"100\" />","","  > Property-based checking. Like QuickCheck.","","  [![Build Status](https://secure.travis-ci.org/jsverify/jsverify.svg?branch=master)](http://travis-ci.org/jsverify/jsverify)","  [![NPM version](https://badge.fury.io/js/jsverify.svg)](http://badge.fury.io/js/jsverify)","  [![Dependency Status](https://david-dm.org/jsverify/jsverify.svg)](https://david-dm.org/jsverify/jsverify)","  [![devDependency Status](https://david-dm.org/jsverify/jsverify/dev-status.svg)](https://david-dm.org/jsverify/jsverify#info=devDependencies)","  [![Code Climate](https://img.shields.io/codeclimate/github/jsverify/jsverify.svg)](https://codeclimate.com/github/jsverify/jsverify)","","  ## Getting Started","","  Install the module with: `npm install jsverify`","","  ## Synopsis","","  ```js","  var jsc = require(\"jsverify\");","","  // forall (f : bool -> bool) (b : bool), f (f (f b)) = f(b).","  var boolFnAppliedThrice =","    jsc.forall(\"bool -> bool\", \"bool\", function (f, b) {","      return f(f(f(b))) === f(b);","    });","","  jsc.assert(boolFnAppliedThrice);","  // OK, passed 100 tests","  ```","*/","\"use strict\";","","/**","  ## Documentation","","  ### Usage with [mocha](http://mochajs.org/)","","  Using jsverify with mocha is easy, just define the properties and use `jsverify.assert`.","","  Starting from version 0.4.3 you can write your specs without any boilerplate:","","  ```js","  describe(\"sort\", function () {","    jsc.property(\"idempotent\", \"array nat\", function (arr) {","      return _.isEqual(sort(sort(arr)), sort(arr));","    });","  });","  ```","","  Starting from version 0.8.0 you can write the specs in TypeScript. There are","  typings provided. The drawback is that you cannot use type DSL:","","  ```typescript","  describe(\"basic jsverify usage\", () => {","    jsc.property(\"(b && b) === b\", jsc.bool, b => (b && b) === b);","","    jsc.property(\"boolean fn thrice\", jsc.fn(jsc.bool), jsc.bool, (f, b) =>","      f(f(f(b))) === f(b)","    );","  });","  ```","","  You can also provide `--jsverifyRngState state` command line argument, to run tests with particular random generator state.","","  ```","  $ mocha examples/nat.js","","  1) natural numbers are less than 90:","   Error: Failed after 49 tests and 1 shrinks. rngState: 074e9b5f037a8c21d6; Counterexample: 90;","","  $ mocha examples/nat.js --grep 'are less than' --jsverifyRngState 074e9b5f037a8c21d6","","  1) natural numbers are less than 90:","     Error: Failed after 1 tests and 1 shrinks. rngState: 074e9b5f037a8c21d6; Counterexample: 90;","  ```","","  Erroneous case is found with first try.","","  ### Usage with [jasmine](https://jasmine.github.io/)","","  Check [jasmineHelpers.js](helpers/jasmineHelpers.js) and [jasmineHelpers2.js](helpers/jasmineHelpers2.js) for jasmine 1.3 and 2.0 respectively.","","  ## API Reference","","  > _Testing shows the presence, not the absence of bugs._","  >","  > Edsger W. Dijkstra","","  To show that propositions hold, we need to construct proofs.","  There are two extremes: proof by example (unit tests) and formal (machine-checked) proof.","  Property-based testing is somewhere in between.","  We formulate propositions, invariants or other properties we believe to hold, but","  only test it to hold for numerous (randomly generated) values.","","  Types and function signatures are written in [Coq](http://coq.inria.fr/)/[Haskell](http://www.haskell.org/haskellwiki/Haskell)-influenced style:","  C# -style `List<T> filter(List<T> v, Func<T, bool> predicate)` is represented by","  `filter(v: array T, predicate: T -> bool): array T` in our style.","","  Methods and objects live in `jsc` object, e.g. `shrink.bless` method is used by","  ```js","  var jsc = require(\"jsverify\");","  var foo = jsc.shrink.bless(...);","  ```","","  Methods starting with `.dot` are prototype methods:","  ```js","  var arb = jsc.nat;","  var arb2 = jsc.nat.smap(f, g);","  ```","","  `jsverify` can operate with both synchronous and asynchronous-promise properties.","  Generally every property can be wrapped inside [functor](http://learnyouahaskell.com/functors-applicative-functors-and-monoids),","  for now in either identity or promise functor, for synchronous and promise properties respectively.","*/","","var assert = require(\"assert\");","var lazyseq = require(\"lazy-seq\");","","var api = require(\"./api.js\");","var either = require(\"./either.js\");","var environment = require(\"./environment.js\");","var FMap = require(\"./finitemap.js\");","var fn = require(\"./fn.js\");","var functor = require(\"./functor.js\");","var random = require(\"./random.js\");","var show = require(\"./show.js\");","var shrink = require(\"./shrink.js\");","var suchtha
[...]
n":61}},"54":{"start":{"line":115,"column":21},"end":{"line":115,"column":55}},"55":{"start":{"line":116,"column":21},"end":{"line":116,"column":55}},"56":{"start":{"line":117,"column":24},"end":{"line":117,"column":61}},"57":{"start":{"line":118,"column":24},"end":{"line":118,"column":61}},"58":{"start":{"line":119,"column":19},"end":{"line":119,"column":51}},"59":{"start":{"line":120,"column":19},"end":{"line":120,"column":37}},"60":{"start":{"line":121,"column":22},"end":{"line":121,"column":57}},"61":{"start":{"line":122,"column":13},"end":{"line":122,"column":74}},"62":{"start":{"line":126,"column":0},"end":{"line":130,"column":2}},"63":{"start":{"line":127,"column":2},"end":{"line":129,"column":5}},"64":{"start":{"line":128,"column":4},"end":{"line":128,"column":34}},"65":{"start":{"line":132,"column":0},"end":{"line":135,"column":1}},"66":{"start":{"line":133,"column":2},"end":{"line":133,"column":31}},"67":{"start":{"line":134,"column":2},"end":{"line":134,"column":32}},"68":{"start":{"line":137,"column":0},"end":{"line":139,"column":2}}},"branchMap":{"1":{"line":39,"type":"if","locations":[{"start":{"line":39,"column":2},"end":{"line":39,"column":2}},{"start":{"line":39,"column":2},"end":{"line":39,"column":2}}]},"2":{"line":94,"type":"if","locations":[{"start":{"line":94,"column":2},"end":{"line":94,"column":2}},{"start":{"line":94,"column":2},"end":{"line":94,"column":2}}]},"3":{"line":112,"type":"switch","locations":[{"start":{"line":113,"column":4},"end":{"line":113,"column":49}},{"start":{"line":114,"column":4},"end":{"line":114,"column":61}},{"start":{"line":115,"column":4},"end":{"line":115,"column":55}},{"start":{"line":116,"column":4},"end":{"line":116,"column":55}},{"start":{"line":117,"column":4},"end":{"line":117,"column":61}},{"start":{"line":118,"column":4},"end":{"line":118,"column":61}},{"start":{"line":119,"column":4},"end":{"line":119,"column":51}},{"start":{"line":120,"column":4},"end":{"line":120,"column":37}},{"start":{"line":121,"column":4},"end":{"line":121,"column":57}},{"start":{"line":122,"column":4},"end":{"line":122,"column":74}}]}},"code":["/* @flow weak */","\"use strict\";","","/**","  ### DSL for input parameters","","  There is a small DSL to help with `forall`. For example the two definitions below are equivalent:","  ```js","  var bool_fn_applied_thrice = jsc.forall(\"bool -> bool\", \"bool\", check);","  var bool_fn_applied_thrice = jsc.forall(jsc.fn(jsc.bool), jsc.bool, check);","  ```","","  The DSL is based on a subset of language recognized by [typify-parser](https://github.com/phadej/typify-parser):","  - *identifiers* are fetched from the predefined environment.","  - *applications* are applied as one could expect: `\"array bool\"` is evaluated to `jsc.array(jsc.bool)`.","  - *functions* are supported: `\"bool -> bool\"` is evaluated to `jsc.fn(jsc.bool)`.","  - *square brackets* are treated as a shorthand for the array type: `\"[nat]\"` is evaluated to `jsc.array(jsc.nat)`.","  - *union*: `\"bool | nat\"` is evaluated to `jsc.sum([jsc.bool, jsc.nat])`.","      - **Note** `oneof` cannot be shrinked, because the union is untagged, we don't know which shrink to use.","  - *conjunction*: `\"bool & nat\"` is evaluated to `jsc.tuple(jsc.bool, jsc.nat)`.","  - *anonymous records*: `\"{ b: bool; n: nat }\"` is evaluated to `jsc.record({ b: jsc.bool, n: jsc.nat })`.","  - *EXPERIMENTAL: recursive types*: `\"rec list -> unit | (nat & list)\"`.","*/","","var arbitrary = require(\"./arbitrary.js\");","var assert = require(\"assert\");","var record = require(\"./record.js\");","var array = require(\"./array.js\");","var fn = require(\"./fn.js\");","var typifyParser = require(\"typify-parser\");","var utils = require(\"./utils.js\");","","// Forward declarations","var compileType;","var compileTypeArray;","","function compileIdent(env, type) {","  var g = env[type.value];","  if (!g) {","    throw new Error(\"Unknown arbitrary: \" + type.value);","  }","  return g;","}","","function compileApplication(env, type) {","  var callee = compileType(env, type.callee);","  var args = compileTypeArray(env, type.args);","","  return callee.apply(undefined, args);","}","","function compileFunction(env, type) {","  // we don't care about argument type","  var result = compileType(env, type.result);","  return fn.fn(result);","}","","function compileBrackets(env, type) {","  var arg = compileType(env, type.arg);","  return array.array(arg);","}","","function compileDisjunction(env, type) {","  var args = compileTypeArray(env, type.args);","  return arbitrary.sum(args);","}","","function compileConjunction(env, type) {","  var args = compileTypeArray(env, type.args);","  return arbitrary.tuple(args);","}","","function compileRecord(env, type) {","  // TODO: use mapValues","  var spec = {};","  Object.keys(type.fields).forEach(function (key) {","    spec[key] = compileType(env, type.fields[key]);","  });","  return record.arbitrary(spec);","}","","function compileRecursive(env, type) {","  assert(type.arg.type === \"disjunction\", \"recursive type's argument should be disjunction\");","","  // bound variable","  var name = type.name;","","  var par = utils.partition(type.arg.args, function (t) {","    return typifyParser.freeVars(t).indexOf(name) === -1;","  });","","  var terminal = par[0];","","  if (terminal.length === 0) {","    throw new Error(\"Recursive type without non-recursive branch\");","  }","","  var terminalArb = compileType(env, {","    type: \"disjunction\",","    args: terminal,","  });","","  return arbitrary.recursive(terminalArb, function (arb) {","    var arbEnv = {};","    arbEnv[name] = arb;","    var newEnv = utils.merge(env, arbEnv);","    return compileType(newEnv, type.arg);","  });","}","","compileType = function compileTypeFn(env, type) {","  switch (type.type) {","    case \"ident\": return compileIdent(env, type);","    case \"application\": return compileApplication(env, type);","    case \"function\": return compileFunction(env, type);","    case \"brackets\": return compileBrackets(env, type);","    case \"disjunction\": return compileDisjunction(env, type);","    case \"conjunction\": return compileConjunction(env, type);","    case \"record\": return compileRecord(env, type);","    case \"number\": return type.value;","    case \"recursive\": return compileRecursive(env, type);","    default: throw new Error(\"Unsupported typify ast type: \" + type.type);","  }","};","","compileTypeArray = function compileTypeArrayFn(env, types) {","  return types.map(function (type) {","    return compileType(env, type);","  });","};","","function parseTypify(env, str) {","  var type = typifyParser(str);","  return compileType(env, type);","}","","module.exports = {","  parseTypify: parseTypify,","};",""],"l":{"25":1,"26":1,"27":1,"28":1,"29":1,"30":1,"31":1,"34":1,"35":1,"37":1,"38":0,"39":0,"40":0,"42":0,"45":1,"46":0,"47":0,"49":0,"52":1,"54":0,"55":0,"58":1,"59":0,"60":0,"63":1,"64":0,"65":0,"68":1,"69":0,"70":0,"73":1,"75":0,"76":0,"77":0,"79":0,"82":1,"83":0,"86":0,"88":0,"89":0,"92":0,"94":0,"95":0,"98":0,"103":0,"104":0,"105":0,"106":0,"107":0,"111":1,"112":0,"113":0,"114":0,"115":0,"116":0,"117":0,"118":0,"119":0,"120":0,"121":0,"122":0,"126":1,"127":0,"128":0,"132":1,"133":0,"134":0,"137":1}},"/home/travis/build/npmtest/node-npmtest-jsverify/node_modules/jsverify/lib/functor.js":{"path":"/home/travis/build/npmtest/node-npmtest-jsverify/node_modules/jsverify/lib/functor.js","s":{"1":1,"2":1,"3":0,"4":1,"5":0,"6":0,"7":0,"8":0,"9":0,"10":0,"11":0,"12":1,"13":0,"14":0,"15":0,"16":0,"17":0,"18":0,"19":0,"20":0,"21":0,"22":0,"23":1,"24":0,"25":0,"26":0,"27":0,"28":0,"29":1,"30":0,"31":0,"32":0,"33":1},"b":{"1":[0,0],"2":[0,0],"3":[0,0],"4":[0,0],"5":[0,0],"6":[0,0],"7":[0,0]},"f":{"1":0,"2":0,"3":0,"4":0,"5":0,"6":0,"7":0,"8":0},"fnMap":{"1":{"name":"isPromise","line":12,"loc":{"start":{"line":12,"column":0},"end":{"line":12,"column":22}}},"2":{"name":"map","line":25,"loc":{"start":{"line":25,"column":0},"end":{"line":25,"column":19}}},"3":{"name":"(anonymous_3)","line":27,"loc":{"start":{"line":27,"column":18},"end":{"line":27,"column":31}}},"4":{"name":"(anonymous_4)","line":31,"loc":{"start":{"line":31,"column":18},"end":{"line":31,"column":31}}},"5":{"name":"bind","line":44,"loc":{"start":{"line":44,"column":0},"end":{"line":44,"column":24}}},"6":{"name":"(anonymous_6)","line":57,"loc":{"start":{"line":57,"column":6},"end":{"line":57,"column":19}}},"7":{"name":"run","line":68,"loc":{"start":{"line":68,"column":0},"end":{"line":68,"column":16}}},"8":{"name":"pure","line":78,"loc":{"start":{"line":78,"column":0},"end":{"line":78,"column":17}}}},"statementMap":{"1":{"start":{"line":4,"column":0},"end":{"line":4,"column":31}},"2":{"start":{"line":12,"column":0},"end":{"line":16,"column":1}},"3":{"start":{"line":14,"column":2},"end":{"line":14,"column":61}},"4":{"start":{"line":25,"column":0},"end":{"line":37,"column":1}},"5":{"start":{"line":26,"column":2},"end":{"line":36,"column":3}},"6":{"start":{"line":27,"column":4},"end":{"line":29,"column":7}},"7":{"start":{"line":28,"column":6},"end":{"line":28,"column":23}},"8":{"start":{"line":30,"column":9},"end":{"line":36,"column":3}},"9":{"start":{"line":31,"column":4},"end":{"line":33,"column":7}},"10":{"start":{"line":32,"column":6},"end":{"line":32,"column":23}},"11":{"start":{"line":35,"column":4},"end":{"line":35,"column":16}},"12":{"start":{"line":44,"column":0},"end":{"line":65,"column":1}},"13":{"start":{"line":45,"column":2},"end":{"line":45,"column":8}},"14":{"start":{"line":46,"column":2},"end":{"line":46,"column":10}},"15":{"start":{"line":47,"column":2},"end":{"line":52,"column":3}},"16":{"start":{"line":48,"column":4},"end":{"line":48,"column":31}},"17":{"start":{"line":50,"column":4},"end":{"line":50,"column":14}},"18":{"start":{"line":51,"column":4},"end":{"line":51,"column":12}},"19":{"start":{"line":54,"column":2},"end":{"line":64,"column":3}},"20":{"start":{"line":55,"column":4},"end":{"line":61,"column":6}},"21":{"start":{"line":59,"column":8},"end":{"line":59,"column":27}},"22":{"start":{"line":63,"column":4},"end":{"line":63,"column":21}},"23":{"start":{"line":68,"column":0},"end":{"line":76,"column":1}},"24":{"start":{"line":69,"column":2},"end":{"line":75,"column":3}},"25":{"start":{"line":70,"column":4},"end":{"line":70,"column":23}},"26":{"start":{"line":71,"column":9},"end":{"line":75,"column":3}},"27":{"start":{"line":72,"column":4},"end":{"line":72,"column":24}},"28":{"start":{"line":74,"column":4},"end":{"line":74,"column":13}},"29":{"start":{"line":78,"column":0},"end":{"line":84,"column":1}},"30":{"start":{"line":79,"column":2},"end":{"line":83,"column":3}},"31":{"start":{"line":80,"column":4},"end":{"line":80,"column":13}},"32":{"start":{"line":82,"column":4},"end":{"line":82,"column":26}},"33":{"start":{"line":86,"column":0},"end":{"line":92,"column":2}}},"branchMap":{"1":{"line":14,"type":"binary-expr","locations":[{"start":{"line":14,"column":9},"end":{"line":14,"column":28}},{"start":{"line":14,"column":32},"end":{"line":14,"column":60}}]},"2":{"line":26,"type":"if","locations":[{"start":{"line":26,"column":2},"end":{"line":26,"column":2}},{"start":{"line":26,"column":2},"end":{"line":26,"column":2}}]},"3":{"line":30,"type":"if","locations":[{"start":{"line":30,"column":9},"end":{"line":30,"column":9}},{"start":{"line":30,"column":9},"end":{"line":30,"column":9}}]},"4":{"line":54,"type":"if","locations":[{"start":{"line":54,"column":2},"end":{"line":54,"column":2}},{"start":{"line":54,"column":2},"end":{"line":54,"column":2}}]},"5":{"line":69,"type":"if","locations":[{"start":{"line":69,"column":2},"end":{"line":69,"column":2}},{"start":{"line":69,"column":2},"end":{"line":69,"column":2}}]},"6":{"line":71,"type":"if","locations":[{"start":{"line":71,"column":9},"end":{"line":71,"column":9}},{"start":{"line":71,"column":9},"end":{"line":71,"column":9}}]},"7":{"line":79,"type":"if","locations":[{"start":{"line":79,"column":2},"end":{"line":79,"column":2}},{"start":{"line":79,"column":2},"end":{"line":79,"column":2}}]}},"code":["/* @flow weak */","\"use strict\";","","var trampa = require(\"trampa\");","","/**","  #### isPromise p : bool","","  Optimistic duck-type check for promises.","  Returns `true` if p is an object with `.then` function property.","*/","function isPromise(p) {","  /* eslint-disable no-new-object */","  return new Object(p) === p && typeof p.then === \"function\";","  /* eslint-enable non-new-object */","}","","/**","  #### map (Functor f) => (p : f a) (g : a -> b) : f b","","  This is functor map, known as `map` or `fmap`.","  Essentially `f(p)`. If `p` is promise, returns new promise.","  Using `map` makes code look very much [CPS-style](http://en.wikipedia.org/wiki/Continuation-passing_style).","*/","function map(p, g) {","  if (isPromise(p)) {","    return p.then(function (x) {","      return map(x, g);","    });","  } else if (trampa.isTrampoline(p)) {","    return p.jump(function (x) {","      return map(x, g);","    });","  } else {","    return g(p);","  }","}","","/**","  #### bind (Functor f) => (k : a -> f b) (xs : a) (h : b -> f c) -> f c","","  This is almost monadic bind.","*/","function bind(f, xs, h) {","  var r;","  var exc;","  try {","    r = f.apply(undefined, xs);","  } catch (e) {","    r = false;","    exc = e;","  }","","  if (isPromise(r)) {","    return r.then(","      h,","      function (e) {","        // exc is always unset here","        return h(false, e);","      }","    );","  } else {","    return h(r, exc);","  }","}","","// recursively unwrap trampoline and promises","function run(x) {","  if (isPromise(x)) {","    return x.then(run);","  } else if (trampa.isTrampoline(x)) {","    return run(x.run());","  } else {","    return x;","  }","}","","function pure(x) {","  if (isPromise(x)) {","    return x;","  } else {","    return trampa.wrap(x);","  }","}","","module.exports = {","  isPromise: isPromise,","  map: map,","  pure: pure,","  bind: bind,","  run: run,","};",""],"l":{"4":1,"12":1,"14":0,"25":1,"26":0,"27":0,"28":0,"30":0,"31":0,"32":0,"35":0,"44":1,"45":0,"46":0,"47":0,"48":0,"50":0,"51":0,"54":0,"55":0,"59":0,"63":0,"68":1,"69":0,"70":0,"71":0,"72":0,"74":0,"78":1,"79":0,"80":0,"82":0,"86":1}},"/home/travis/build/npmtest/node-npmtest-jsverify/node_modules/jsverify/lib/suchthat.js":{"path":"/home/travis/build/npmtest/node-npmtest-jsverify/node_modules/jsverify/lib/suchthat.js","s":{"1":1,"2":1,"3":1,"4":1,"5":1,"6":1,"7":1,"8":0,"9":0,"10":0,"11":0,"12":0,"13":0,"14":0,"15":0,"16":0,"17":0,"18":0,"19":0,"20":0,"21":0,"22":0,"23":0,"24":1},"b":{"1":[0,0],"2":[0,0],"3":[0,0],"4":[0,0]},"f":{"1":0,"2":0,"3":0},"fnMap":{"1":{"name":"suchthat","line":15,"loc":{"start":{"line":15,"column":0},"end":{"line":15,"column":43}}},"2":{"name":"(anonymous_2)","line":28,"loc":{"start":{"line":28,"column":31},"end":{"line":28,"column":47}}},"3":{"name":"(anonymous_3)","line":43,"loc":{"start":{"line":43,"column":25},"end":{"line":43,"column":38}}}},"statementMap":{"1":{"start":{"line":4,"column":0},"end":{"line":4,"column":46}},"2":{"start":{"line":5,"column":0},"end":{"line":5,"column":36}},"3":{"start":{"line":6,"column":0},"end":{"line":6,"column":34}},"4":{"start":{"line":7,"column":0},"end":{"line":7,"column":42}},"5":{"start":{"line":8,"column":0},"end":{"line":8,"column":36}},"6":{"start":{"line":9,"column":0},"end":{"line":9,"column":52}},"7":{"start":{"line":15,"column":0},"end":{"line":49,"column":1}},"8":{"start":{"line":16,"column":2},"end":{"line":16,"column":10}},"9":{"start":{"line":17,"column":2},"end":{"line":22,"column":3}},"10":{"start":{"line":18,"column":4},"end":{"line":18,"column":24}},"11":{"start":{"line":19,"column":4},"end":{"line":19,"column":22}},"12":{"start":{"line":21,"column":4},"end":{"line":21,"column":44}},"13":{"start":{"line":24,"column":2},"end":{"line":24,"column":69}},"14":{"start":{"line":25,"column":2},"end":{"line":25,"column":25}},"15":{"start":{"line":27,"column":2},"end":{"line":48,"column":5}},"16":{"start":{"line":29,"column":6},"end":{"line":40,"column":7}},"17":{"start":{"line":31,"column":8},"end":{"line":34,"column":9}},"18":{"start":{"line":32,"column":10},"end":{"line":32,"column":16}},"19":{"start":{"line":33,"column":10},"end":{"line":33,"column":20}},"20":{"start":{"line":36,"column":8},"end":{"line":36,"column":36}},"21":{"start":{"line":37,"column":8},"end":{"line":39,"column":9}},"22":{"start":{"line":38,"column":10},"end":{"line":38,"column":19}},"23":{"start":{"line":44,"column":6},"end":{"line":44,"column":45}},"24":{"start":{"line":51,"column":0},"end":{"line":53,"column":2}}},"branchMap":{"1":{"line":17,"type":"if","locations":[{"start":{"line":17,"column":2},"end":{"line":17,"column":2}},{"start":{"line":17,"column":2},"end":{"line":17,"column":2}}]},"2":{"line":24,"type":"cond-expr","locations":[{"start":{"line":24,"column":34},"end":{"line":24,"column":62}},{"start":{"line":24,"column":65},"end":{"line":24,"column":68}}]},"3":{"line":31,"type":"if","locations":[{"start":{"line":31,"column":8},"end":{"line":31,"column":8}},{"start":{"line":31,"column":8},"end":{"line":31,"column":8}}]},"4":{"line":37,"type":"if","locations":[{"start":{"line":37,"column":8},"end":{"line":37,"column":8}},{"start":{"line":37,"column":8},"end":{"line":37,"column":8}}]}},"code":["/* @flow weak */","\"use strict\";","","var environment = require(\"./environment.js\");","var typify = require(\"./typify.js\");","var utils = require(\"./utils.js\");","var generator = require(\"./generator.js\");","var shrink = require(\"./shrink.js\");","var arbitraryBless = require(\"./arbitraryBless.js\");","","/**","  - `suchthat(arb: arbitrary a, userenv: env?, p : a -> bool): arbitrary a`","      Arbitrary of values that satisfy `p` predicate. It's advised that `p`'s accept rate is high.","*/","function suchthat(arb, userenv, predicate) {","  var env;","  if (arguments.length === 2) {","    predicate = userenv;","    env = environment;","  } else {","    env = utils.merge(environment, userenv);","  }","","  arb = typeof arb === \"string\" ? typify.parseTypify(env, arb) : arb;","  arb = utils.force(arb);","","  return arbitraryBless({","    generator: generator.bless(function (size) {","      for (var i = 0; ; i++) {","        // if 5 tries failed, increase size","        if (i > 5) {","          i = 0;","          size += 1;","        }","","        var x = arb.generator(size);","        if (predicate(x)) {","          return x;","        }","      }","    }),","","    shrink: shrink.bless(function (x) {","      return arb.shrink(x).filter(predicate);","    }),","","    show: arb.show,","  });","}","","module.exports = {","  suchthat: suchthat,","};",""],"l":{"4":1,"5":1,"6":1,"7":1,"8":1,"9":1,"15":1,"16":0,"17":0,"18":0,"19":0,"21":0,"24":0,"25":0,"27":0,"29":0,"31":0,"32":0,"33":0,"36":0,"37":0,"38":0,"44":0,"51":1}},"/home/travis/build/npmtest/node-npmtest-jsverify/node_modules/jsverify/karma.jasmine.conf.js":{"path":"/home/travis/build/npmtest/node-npmtest-jsverify/node_modules/jsverify/karma.jasmine.conf.js","s":{"1":1,"2":0},"b":{},"f":{"1":0},"fnMap":{"1":{"name":"(anonymous_1)","line":2,"loc":{"start":{"line":2,"column":17},"end":{"line":2,"column":35}}}},"statementMap":{"1":{"start":{"line":2,"column":0},"end":{"line":24,"column":2}},"2":{"start":{"line":4,"column":2},"end":{"line":23,"column":5}}},"branchMap":{},"code":["/* eslint strict:[2,\"function\"] */","module.exports = function (config) {","  \"use strict\";","  config.set({","    basePath: \"\",","    frameworks: [\"jasmine\"],","    files: [","      \"helpers/jasmineHelpers2.js\",","      \"dist/jsverify.standalone.js\",","      \"spec/*.js\",","    ],","    exclude: [","    ],","    preprocessors: {","    },","    reporters: [\"progress\"],","    port: 9876,","    colors: true,","    logLevel: config.LOG_INFO,","    autoWatch: false,","    browsers: [\"Chrome\", \"Firefox\"],","    singleRun: true,","  });","};",""],"l":{"2":1,"4":0}}}